<?xml version="1.0" encoding="UTF-8"?>
<testsuite xmlns:xsi="http://www.w3.org/2001/XMLSchema-instance" xsi:noNamespaceSchemaLocation="https://maven.apache.org/surefire/maven-surefire-plugin/xsd/surefire-test-report-3.0.xsd" version="3.0" name="unlp.info.bd2.ToursApplicationTests" time="31.932" tests="10" errors="0" skipped="0" failures="0">
  <properties>
[...]
</properties>
  <testcase name="addReviewToPurchaseTest" classname="unlp.info.bd2.ToursApplicationTests" time="3.082">
    <system-out><![CDATA[19:02:40.743 [main] INFO org.springframework.test.context.support.AnnotationConfigContextLoaderUtils -- Could not detect default configuration classes for test class [unlp.info.bd2.ToursApplicationTests]: ToursApplicationTests does not declare any static, non-private, non-final, nested classes annotated with @Configuration.
19:02:41.259 [main] INFO org.springframework.boot.test.context.SpringBootTestContextBootstrapper -- Found @SpringBootConfiguration unlp.info.bd2.ToursApplication for test class unlp.info.bd2.ToursApplicationTests

  .   ____          _            __ _ _
 /\\ / ___'_ __ _ _(_)_ __  __ _ \ \ \ \
( ( )\___ | '_ | '_| | '_ \/ _` | \ \ \ \
 \\/  ___)| |_)| | | | | || (_| |  ) ) ) )
  '  |____| .__|_| |_|_| |_\__, | / / / /
 =========|_|==============|___/=/_/_/_/
 :: Spring Boot ::                (v3.2.3)

2026-04-19T19:02:43.217-03:00  INFO 11004 --- [           main] unlp.info.bd2.ToursApplicationTests      : Starting ToursApplicationTests using Java 21.0.1 with PID 11004 (started by Usuario in C:\Users\Usuario\Desktop\FACULTAD\5to_Año\primer_semestre\base_de_datos_2\trabajos_practicos\resoluciones\codigo_tp2\tp-bbdd2-tours)
2026-04-19T19:02:43.221-03:00  INFO 11004 --- [           main] unlp.info.bd2.ToursApplicationTests      : No active profile set, falling back to 1 default profile: "default"
2026-04-19T19:02:44.777-03:00  INFO 11004 --- [           main] .s.d.r.c.RepositoryConfigurationDelegate : Bootstrapping Spring Data JPA repositories in DEFAULT mode.
2026-04-19T19:02:45.086-03:00  INFO 11004 --- [           main] .s.d.r.c.RepositoryConfigurationDelegate : Finished Spring Data repository scanning in 281 ms. Found 8 JPA repository interfaces.
2026-04-19T19:02:47.616-03:00  INFO 11004 --- [           main] o.hibernate.jpa.internal.util.LogHelper  : HHH000204: Processing PersistenceUnitInfo [name: default]
2026-04-19T19:02:48.080-03:00  INFO 11004 --- [           main] org.hibernate.Version                    : HHH000412: Hibernate ORM core version 6.4.4.Final
2026-04-19T19:02:48.294-03:00  INFO 11004 --- [           main] o.h.c.internal.RegionFactoryInitiator    : HHH000026: Second-level cache disabled
2026-04-19T19:02:50.055-03:00  INFO 11004 --- [           main] o.s.o.j.p.SpringPersistenceUnitInfo      : No LoadTimeWeaver setup: ignoring JPA class transformer
2026-04-19T19:02:50.186-03:00  INFO 11004 --- [           main] com.zaxxer.hikari.HikariDataSource       : HikariPool-1 - Starting...
2026-04-19T19:02:51.040-03:00  INFO 11004 --- [           main] com.zaxxer.hikari.pool.HikariPool        : HikariPool-1 - Added connection com.mysql.cj.jdbc.ConnectionImpl@78d92eef
2026-04-19T19:02:51.047-03:00  INFO 11004 --- [           main] com.zaxxer.hikari.HikariDataSource       : HikariPool-1 - Start completed.
2026-04-19T19:02:51.249-03:00  WARN 11004 --- [           main] org.hibernate.orm.deprecation            : HHH90000025: MySQL8Dialect does not need to be specified explicitly using 'hibernate.dialect' (remove the property setting and it will be selected by default)
2026-04-19T19:02:51.255-03:00  WARN 11004 --- [           main] org.hibernate.orm.deprecation            : HHH90000026: MySQL8Dialect has been deprecated; use org.hibernate.dialect.MySQLDialect instead
2026-04-19T19:02:55.420-03:00  INFO 11004 --- [           main] o.h.e.t.j.p.i.JtaPlatformInitiator       : HHH000489: No JTA platform available (set 'hibernate.transaction.jta.platform' to enable JTA platform integration)
2026-04-19T19:02:55.475-03:00 DEBUG 11004 --- [           main] org.hibernate.SQL                        : 
    alter table item_services 
       drop 
       foreign key FKe7pdfp76d4vvib2n64ofqf98u
Hibernate: 
    alter table item_services 
       drop 
       foreign key FKe7pdfp76d4vvib2n64ofqf98u
2026-04-19T19:02:55.512-03:00 DEBUG 11004 --- [           main] org.hibernate.SQL                        : 
    alter table item_services 
       drop 
       foreign key FK98rwgufbj3hwt3627chq4r3uv
Hibernate: 
    alter table item_services 
       drop 
       foreign key FK98rwgufbj3hwt3627chq4r3uv
2026-04-19T19:02:55.541-03:00 DEBUG 11004 --- [           main] org.hibernate.SQL                        : 
    alter table purchases 
       drop 
       foreign key FKb8a9x319ptkwr9xnu3imfwxkt
Hibernate: 
    alter table purchases 
       drop 
       foreign key FKb8a9x319ptkwr9xnu3imfwxkt
2026-04-19T19:02:55.595-03:00 DEBUG 11004 --- [           main] org.hibernate.SQL                        : 
    alter table purchases 
       drop 
       foreign key FKm0ndjymn9p747pfp4515pio8i
Hibernate: 
    alter table purchases 
       drop 
       foreign key FKm0ndjymn9p747pfp4515pio8i
2026-04-19T19:02:55.631-03:00 DEBUG 11004 --- [           main] org.hibernate.SQL                        : 
    alter table reviews 
       drop 
       foreign key FKtlbpgfgpje3g0do3xdmry3y9j
Hibernate: 
    alter table reviews 
       drop 
       foreign key FKtlbpgfgpje3g0do3xdmry3y9j
2026-04-19T19:02:55.656-03:00 DEBUG 11004 --- [           main] org.hibernate.SQL                        : 
    alter table route_drivers 
       drop 
       foreign key FKlarw210fd3wvynavtmcyofgxf
Hibernate: 
    alter table route_drivers 
       drop 
       foreign key FKlarw210fd3wvynavtmcyofgxf
2026-04-19T19:02:55.682-03:00 DEBUG 11004 --- [           main] org.hibernate.SQL                        : 
    alter table route_drivers 
       drop 
       foreign key FKbovlxo45trq2qh2668qfjrstj
Hibernate: 
    alter table route_drivers 
       drop 
       foreign key FKbovlxo45trq2qh2668qfjrstj
2026-04-19T19:02:55.708-03:00 DEBUG 11004 --- [           main] org.hibernate.SQL                        : 
    alter table route_stops 
       drop 
       foreign key FKjmssq6w9xpsvupp2x407s43i2
Hibernate: 
    alter table route_stops 
       drop 
       foreign key FKjmssq6w9xpsvupp2x407s43i2
2026-04-19T19:02:55.739-03:00 DEBUG 11004 --- [           main] org.hibernate.SQL                        : 
    alter table route_stops 
       drop 
       foreign key FK63y33daxb1qs5nbnkuicbpkej
Hibernate: 
    alter table route_stops 
       drop 
       foreign key FK63y33daxb1qs5nbnkuicbpkej
2026-04-19T19:02:55.767-03:00 DEBUG 11004 --- [           main] org.hibernate.SQL                        : 
    alter table route_tour_guides 
       drop 
       foreign key FK33dkhjoov8d86i27tni60fkbe
Hibernate: 
    alter table route_tour_guides 
       drop 
       foreign key FK33dkhjoov8d86i27tni60fkbe
2026-04-19T19:02:55.795-03:00 DEBUG 11004 --- [           main] org.hibernate.SQL                        : 
    alter table route_tour_guides 
       drop 
       foreign key FKaj9a5b81y31cpc1j5fn3aor4e
Hibernate: 
    alter table route_tour_guides 
       drop 
       foreign key FKaj9a5b81y31cpc1j5fn3aor4e
2026-04-19T19:02:55.820-03:00 DEBUG 11004 --- [           main] org.hibernate.SQL                        : 
    alter table services 
       drop 
       foreign key FK16cnuanf4fntklkbbckymn8ky
Hibernate: 
    alter table services 
       drop 
       foreign key FK16cnuanf4fntklkbbckymn8ky
2026-04-19T19:02:55.847-03:00 DEBUG 11004 --- [           main] org.hibernate.SQL                        : 
    drop table if exists item_service_sequence
Hibernate: 
    drop table if exists item_service_sequence
2026-04-19T19:02:55.882-03:00 DEBUG 11004 --- [           main] org.hibernate.SQL                        : 
    drop table if exists item_services
Hibernate: 
    drop table if exists item_services
2026-04-19T19:02:55.915-03:00 DEBUG 11004 --- [           main] org.hibernate.SQL                        : 
    drop table if exists purchase_sequence
Hibernate: 
    drop table if exists purchase_sequence
2026-04-19T19:02:55.947-03:00 DEBUG 11004 --- [           main] org.hibernate.SQL                        : 
    drop table if exists purchases
Hibernate: 
    drop table if exists purchases
2026-04-19T19:02:55.987-03:00 DEBUG 11004 --- [           main] org.hibernate.SQL                        : 
    drop table if exists review_sequence
Hibernate: 
    drop table if exists review_sequence
2026-04-19T19:02:56.026-03:00 DEBUG 11004 --- [           main] org.hibernate.SQL                        : 
    drop table if exists reviews
Hibernate: 
    drop table if exists reviews
2026-04-19T19:02:56.060-03:00 DEBUG 11004 --- [           main] org.hibernate.SQL                        : 
    drop table if exists route_drivers
Hibernate: 
    drop table if exists route_drivers
2026-04-19T19:02:56.103-03:00 DEBUG 11004 --- [           main] org.hibernate.SQL                        : 
    drop table if exists route_sequence
Hibernate: 
    drop table if exists route_sequence
2026-04-19T19:02:56.136-03:00 DEBUG 11004 --- [           main] org.hibernate.SQL                        : 
    drop table if exists route_stops
Hibernate: 
    drop table if exists route_stops
2026-04-19T19:02:56.174-03:00 DEBUG 11004 --- [           main] org.hibernate.SQL                        : 
    drop table if exists route_tour_guides
Hibernate: 
    drop table if exists route_tour_guides
2026-04-19T19:02:56.212-03:00 DEBUG 11004 --- [           main] org.hibernate.SQL                        : 
    drop table if exists routes
Hibernate: 
    drop table if exists routes
2026-04-19T19:02:56.247-03:00 DEBUG 11004 --- [           main] org.hibernate.SQL                        : 
    drop table if exists service_sequence
Hibernate: 
    drop table if exists service_sequence
2026-04-19T19:02:56.363-03:00 DEBUG 11004 --- [           main] org.hibernate.SQL                        : 
    drop table if exists services
Hibernate: 
    drop table if exists services
2026-04-19T19:02:56.452-03:00 DEBUG 11004 --- [           main] org.hibernate.SQL                        : 
    drop table if exists stop_sequence
Hibernate: 
    drop table if exists stop_sequence
2026-04-19T19:02:56.522-03:00 DEBUG 11004 --- [           main] org.hibernate.SQL                        : 
    drop table if exists stops
Hibernate: 
    drop table if exists stops
2026-04-19T19:02:56.606-03:00 DEBUG 11004 --- [           main] org.hibernate.SQL                        : 
    drop table if exists supplier_sequence
Hibernate: 
    drop table if exists supplier_sequence
2026-04-19T19:02:56.652-03:00 DEBUG 11004 --- [           main] org.hibernate.SQL                        : 
    drop table if exists suppliers
Hibernate: 
    drop table if exists suppliers
2026-04-19T19:02:56.688-03:00 DEBUG 11004 --- [           main] org.hibernate.SQL                        : 
    drop table if exists user_sequence
Hibernate: 
    drop table if exists user_sequence
2026-04-19T19:02:56.736-03:00 DEBUG 11004 --- [           main] org.hibernate.SQL                        : 
    drop table if exists users
Hibernate: 
    drop table if exists users
2026-04-19T19:02:56.786-03:00 DEBUG 11004 --- [           main] org.hibernate.SQL                        : 
    create table item_service_sequence (
        next_val bigint
    ) engine=InnoDB
Hibernate: 
    create table item_service_sequence (
        next_val bigint
    ) engine=InnoDB
2026-04-19T19:02:56.846-03:00 DEBUG 11004 --- [           main] org.hibernate.SQL                        : 
    insert into item_service_sequence values ( 1 )
Hibernate: 
    insert into item_service_sequence values ( 1 )
2026-04-19T19:02:56.857-03:00 DEBUG 11004 --- [           main] org.hibernate.SQL                        : 
    create table item_services (
        quantity integer not null,
        id bigint not null,
        purchase_id bigint not null,
        service_id bigint not null,
        primary key (id)
    ) engine=InnoDB
Hibernate: 
    create table item_services (
        quantity integer not null,
        id bigint not null,
        purchase_id bigint not null,
        service_id bigint not null,
        primary key (id)
    ) engine=InnoDB
2026-04-19T19:02:56.912-03:00 DEBUG 11004 --- [           main] org.hibernate.SQL                        : 
    create table purchase_sequence (
        next_val bigint
    ) engine=InnoDB
Hibernate: 
    create table purchase_sequence (
        next_val bigint
    ) engine=InnoDB
2026-04-19T19:02:56.977-03:00 DEBUG 11004 --- [           main] org.hibernate.SQL                        : 
    insert into purchase_sequence values ( 1 )
Hibernate: 
    insert into purchase_sequence values ( 1 )
2026-04-19T19:02:56.993-03:00 DEBUG 11004 --- [           main] org.hibernate.SQL                        : 
    create table purchases (
        total_price float(23) not null,
        date datetime(6) not null,
        id bigint not null,
        route_id bigint not null,
        user_id bigint not null,
        code varchar(255) not null,
        primary key (id)
    ) engine=InnoDB
Hibernate: 
    create table purchases (
        total_price float(23) not null,
        date datetime(6) not null,
        id bigint not null,
        route_id bigint not null,
        user_id bigint not null,
        code varchar(255) not null,
        primary key (id)
    ) engine=InnoDB
2026-04-19T19:02:57.053-03:00 DEBUG 11004 --- [           main] org.hibernate.SQL                        : 
    create table review_sequence (
        next_val bigint
    ) engine=InnoDB
Hibernate: 
    create table review_sequence (
        next_val bigint
    ) engine=InnoDB
2026-04-19T19:02:57.108-03:00 DEBUG 11004 --- [           main] org.hibernate.SQL                        : 
    insert into review_sequence values ( 1 )
Hibernate: 
    insert into review_sequence values ( 1 )
2026-04-19T19:02:57.123-03:00 DEBUG 11004 --- [           main] org.hibernate.SQL                        : 
    create table reviews (
        rating integer not null,
        id bigint not null,
        purchase_id bigint not null,
        comment varchar(255),
        primary key (id)
    ) engine=InnoDB
Hibernate: 
    create table reviews (
        rating integer not null,
        id bigint not null,
        purchase_id bigint not null,
        comment varchar(255),
        primary key (id)
    ) engine=InnoDB
2026-04-19T19:02:57.188-03:00 DEBUG 11004 --- [           main] org.hibernate.SQL                        : 
    create table route_drivers (
        driver_id bigint not null,
        route_id bigint not null
    ) engine=InnoDB
Hibernate: 
    create table route_drivers (
        driver_id bigint not null,
        route_id bigint not null
    ) engine=InnoDB
2026-04-19T19:02:57.248-03:00 DEBUG 11004 --- [           main] org.hibernate.SQL                        : 
    create table route_sequence (
        next_val bigint
    ) engine=InnoDB
Hibernate: 
    create table route_sequence (
        next_val bigint
    ) engine=InnoDB
2026-04-19T19:02:57.301-03:00 DEBUG 11004 --- [           main] org.hibernate.SQL                        : 
    insert into route_sequence values ( 1 )
Hibernate: 
    insert into route_sequence values ( 1 )
2026-04-19T19:02:57.313-03:00 DEBUG 11004 --- [           main] org.hibernate.SQL                        : 
    create table route_stops (
        route_id bigint not null,
        stop_id bigint not null
    ) engine=InnoDB
Hibernate: 
    create table route_stops (
        route_id bigint not null,
        stop_id bigint not null
    ) engine=InnoDB
2026-04-19T19:02:57.384-03:00 DEBUG 11004 --- [           main] org.hibernate.SQL                        : 
    create table route_tour_guides (
        route_id bigint not null,
        tour_guide_id bigint not null
    ) engine=InnoDB
Hibernate: 
    create table route_tour_guides (
        route_id bigint not null,
        tour_guide_id bigint not null
    ) engine=InnoDB
2026-04-19T19:02:57.444-03:00 DEBUG 11004 --- [           main] org.hibernate.SQL                        : 
    create table routes (
        max_number_users integer not null,
        price float(23) not null,
        total_km float(23) not null,
        id bigint not null,
        name varchar(255) not null,
        primary key (id)
    ) engine=InnoDB
Hibernate: 
    create table routes (
        max_number_users integer not null,
        price float(23) not null,
        total_km float(23) not null,
        id bigint not null,
        name varchar(255) not null,
        primary key (id)
    ) engine=InnoDB
2026-04-19T19:02:57.517-03:00 DEBUG 11004 --- [           main] org.hibernate.SQL                        : 
    create table service_sequence (
        next_val bigint
    ) engine=InnoDB
Hibernate: 
    create table service_sequence (
        next_val bigint
    ) engine=InnoDB
2026-04-19T19:02:57.572-03:00 DEBUG 11004 --- [           main] org.hibernate.SQL                        : 
    insert into service_sequence values ( 1 )
Hibernate: 
    insert into service_sequence values ( 1 )
2026-04-19T19:02:57.593-03:00 DEBUG 11004 --- [           main] org.hibernate.SQL                        : 
    create table services (
        price float(23) not null,
        id bigint not null,
        supplier_id bigint,
        name varchar(100) not null,
        description varchar(255),
        primary key (id)
    ) engine=InnoDB
Hibernate: 
    create table services (
        price float(23) not null,
        id bigint not null,
        supplier_id bigint,
        name varchar(100) not null,
        description varchar(255),
        primary key (id)
    ) engine=InnoDB
2026-04-19T19:02:57.653-03:00 DEBUG 11004 --- [           main] org.hibernate.SQL                        : 
    create table stop_sequence (
        next_val bigint
    ) engine=InnoDB
Hibernate: 
    create table stop_sequence (
        next_val bigint
    ) engine=InnoDB
2026-04-19T19:02:57.720-03:00 DEBUG 11004 --- [           main] org.hibernate.SQL                        : 
    insert into stop_sequence values ( 1 )
Hibernate: 
    insert into stop_sequence values ( 1 )
2026-04-19T19:02:57.731-03:00 DEBUG 11004 --- [           main] org.hibernate.SQL                        : 
    create table stops (
        id bigint not null,
        description varchar(255),
        name varchar(255) not null,
        primary key (id)
    ) engine=InnoDB
Hibernate: 
    create table stops (
        id bigint not null,
        description varchar(255),
        name varchar(255) not null,
        primary key (id)
    ) engine=InnoDB
2026-04-19T19:02:57.790-03:00 DEBUG 11004 --- [           main] org.hibernate.SQL                        : 
    create table supplier_sequence (
        next_val bigint
    ) engine=InnoDB
Hibernate: 
    create table supplier_sequence (
        next_val bigint
    ) engine=InnoDB
2026-04-19T19:02:57.846-03:00 DEBUG 11004 --- [           main] org.hibernate.SQL                        : 
    insert into supplier_sequence values ( 1 )
Hibernate: 
    insert into supplier_sequence values ( 1 )
2026-04-19T19:02:57.859-03:00 DEBUG 11004 --- [           main] org.hibernate.SQL                        : 
    create table suppliers (
        id bigint not null,
        authorization_number varchar(255) not null,
        business_name varchar(255) not null,
        primary key (id)
    ) engine=InnoDB
Hibernate: 
    create table suppliers (
        id bigint not null,
        authorization_number varchar(255) not null,
        business_name varchar(255) not null,
        primary key (id)
    ) engine=InnoDB
2026-04-19T19:02:57.914-03:00 DEBUG 11004 --- [           main] org.hibernate.SQL                        : 
    create table user_sequence (
        next_val bigint
    ) engine=InnoDB
Hibernate: 
    create table user_sequence (
        next_val bigint
    ) engine=InnoDB
2026-04-19T19:02:57.975-03:00 DEBUG 11004 --- [           main] org.hibernate.SQL                        : 
    insert into user_sequence values ( 1 )
Hibernate: 
    insert into user_sequence values ( 1 )
2026-04-19T19:02:57.991-03:00 DEBUG 11004 --- [           main] org.hibernate.SQL                        : 
    create table users (
        active bit not null,
        birthdate datetime(6),
        id bigint not null,
        user_type varchar(31) not null,
        education varchar(255),
        email varchar(255),
        expedient varchar(255),
        name varchar(255) not null,
        password varchar(255) not null,
        phone_number varchar(255),
        username varchar(255) not null,
        primary key (id)
    ) engine=InnoDB
Hibernate: 
    create table users (
        active bit not null,
        birthdate datetime(6),
        id bigint not null,
        user_type varchar(31) not null,
        education varchar(255),
        email varchar(255),
        expedient varchar(255),
        name varchar(255) not null,
        password varchar(255) not null,
        phone_number varchar(255),
        username varchar(255) not null,
        primary key (id)
    ) engine=InnoDB
2026-04-19T19:02:58.049-03:00 DEBUG 11004 --- [           main] org.hibernate.SQL                        : 
    alter table purchases 
       add constraint UK_idp67y8emgudwcvj94r8chpf4 unique (code)
Hibernate: 
    alter table purchases 
       add constraint UK_idp67y8emgudwcvj94r8chpf4 unique (code)
2026-04-19T19:02:58.097-03:00 DEBUG 11004 --- [           main] org.hibernate.SQL                        : 
    alter table reviews 
       add constraint UK_jfd0ugmaq72ipi087g9f158hs unique (purchase_id)
Hibernate: 
    alter table reviews 
       add constraint UK_jfd0ugmaq72ipi087g9f158hs unique (purchase_id)
2026-04-19T19:02:58.150-03:00 DEBUG 11004 --- [           main] org.hibernate.SQL                        : 
    alter table services 
       add constraint UKh4rqgjwnqidx6mvj4i22dxwxe unique (name)
Hibernate: 
    alter table services 
       add constraint UKh4rqgjwnqidx6mvj4i22dxwxe unique (name)
2026-04-19T19:02:58.207-03:00 DEBUG 11004 --- [           main] org.hibernate.SQL                        : 
    alter table suppliers 
       add constraint UK_3wbbmcij3ahiecomkim50n8nm unique (authorization_number)
Hibernate: 
    alter table suppliers 
       add constraint UK_3wbbmcij3ahiecomkim50n8nm unique (authorization_number)
2026-04-19T19:02:58.264-03:00 DEBUG 11004 --- [           main] org.hibernate.SQL                        : 
    alter table users 
       add constraint UK_r43af9ap4edm43mmtq01oddj6 unique (username)
Hibernate: 
    alter table users 
       add constraint UK_r43af9ap4edm43mmtq01oddj6 unique (username)
2026-04-19T19:02:58.318-03:00 DEBUG 11004 --- [           main] org.hibernate.SQL                        : 
    alter table item_services 
       add constraint FKe7pdfp76d4vvib2n64ofqf98u 
       foreign key (purchase_id) 
       references purchases (id)
Hibernate: 
    alter table item_services 
       add constraint FKe7pdfp76d4vvib2n64ofqf98u 
       foreign key (purchase_id) 
       references purchases (id)
2026-04-19T19:02:58.520-03:00 DEBUG 11004 --- [           main] org.hibernate.SQL                        : 
    alter table item_services 
       add constraint FK98rwgufbj3hwt3627chq4r3uv 
       foreign key (service_id) 
       references services (id)
Hibernate: 
    alter table item_services 
       add constraint FK98rwgufbj3hwt3627chq4r3uv 
       foreign key (service_id) 
       references services (id)
2026-04-19T19:02:58.715-03:00 DEBUG 11004 --- [           main] org.hibernate.SQL                        : 
    alter table purchases 
       add constraint FKb8a9x319ptkwr9xnu3imfwxkt 
       foreign key (route_id) 
       references routes (id)
Hibernate: 
    alter table purchases 
       add constraint FKb8a9x319ptkwr9xnu3imfwxkt 
       foreign key (route_id) 
       references routes (id)
2026-04-19T19:02:58.918-03:00 DEBUG 11004 --- [           main] org.hibernate.SQL                        : 
    alter table purchases 
       add constraint FKm0ndjymn9p747pfp4515pio8i 
       foreign key (user_id) 
       references users (id)
Hibernate: 
    alter table purchases 
       add constraint FKm0ndjymn9p747pfp4515pio8i 
       foreign key (user_id) 
       references users (id)
2026-04-19T19:02:59.124-03:00 DEBUG 11004 --- [           main] org.hibernate.SQL                        : 
    alter table reviews 
       add constraint FKtlbpgfgpje3g0do3xdmry3y9j 
       foreign key (purchase_id) 
       references purchases (id)
Hibernate: 
    alter table reviews 
       add constraint FKtlbpgfgpje3g0do3xdmry3y9j 
       foreign key (purchase_id) 
       references purchases (id)
2026-04-19T19:02:59.272-03:00 DEBUG 11004 --- [           main] org.hibernate.SQL                        : 
    alter table route_drivers 
       add constraint FKlarw210fd3wvynavtmcyofgxf 
       foreign key (driver_id) 
       references users (id)
Hibernate: 
    alter table route_drivers 
       add constraint FKlarw210fd3wvynavtmcyofgxf 
       foreign key (driver_id) 
       references users (id)
2026-04-19T19:02:59.467-03:00 DEBUG 11004 --- [           main] org.hibernate.SQL                        : 
    alter table route_drivers 
       add constraint FKbovlxo45trq2qh2668qfjrstj 
       foreign key (route_id) 
       references routes (id)
Hibernate: 
    alter table route_drivers 
       add constraint FKbovlxo45trq2qh2668qfjrstj 
       foreign key (route_id) 
       references routes (id)
2026-04-19T19:02:59.640-03:00 DEBUG 11004 --- [           main] org.hibernate.SQL                        : 
    alter table route_stops 
       add constraint FKjmssq6w9xpsvupp2x407s43i2 
       foreign key (stop_id) 
       references stops (id)
Hibernate: 
    alter table route_stops 
       add constraint FKjmssq6w9xpsvupp2x407s43i2 
       foreign key (stop_id) 
       references stops (id)
2026-04-19T19:02:59.800-03:00 DEBUG 11004 --- [           main] org.hibernate.SQL                        : 
    alter table route_stops 
       add constraint FK63y33daxb1qs5nbnkuicbpkej 
       foreign key (route_id) 
       references routes (id)
Hibernate: 
    alter table route_stops 
       add constraint FK63y33daxb1qs5nbnkuicbpkej 
       foreign key (route_id) 
       references routes (id)
2026-04-19T19:02:59.989-03:00 DEBUG 11004 --- [           main] org.hibernate.SQL                        : 
    alter table route_tour_guides 
       add constraint FK33dkhjoov8d86i27tni60fkbe 
       foreign key (tour_guide_id) 
       references users (id)
Hibernate: 
    alter table route_tour_guides 
       add constraint FK33dkhjoov8d86i27tni60fkbe 
       foreign key (tour_guide_id) 
       references users (id)
2026-04-19T19:03:00.209-03:00 DEBUG 11004 --- [           main] org.hibernate.SQL                        : 
    alter table route_tour_guides 
       add constraint FKaj9a5b81y31cpc1j5fn3aor4e 
       foreign key (route_id) 
       references routes (id)
Hibernate: 
    alter table route_tour_guides 
       add constraint FKaj9a5b81y31cpc1j5fn3aor4e 
       foreign key (route_id) 
       references routes (id)
2026-04-19T19:03:00.427-03:00 DEBUG 11004 --- [           main] org.hibernate.SQL                        : 
    alter table services 
       add constraint FK16cnuanf4fntklkbbckymn8ky 
       foreign key (supplier_id) 
       references suppliers (id)
Hibernate: 
    alter table services 
       add constraint FK16cnuanf4fntklkbbckymn8ky 
       foreign key (supplier_id) 
       references suppliers (id)
2026-04-19T19:03:00.677-03:00  INFO 11004 --- [           main] j.LocalContainerEntityManagerFactoryBean : Initialized JPA EntityManagerFactory for persistence unit 'default'
2026-04-19T19:03:02.365-03:00  INFO 11004 --- [           main] o.s.d.j.r.query.QueryEnhancerFactory     : Hibernate is in classpath; If applicable, HQL parser will be used.
2026-04-19T19:03:06.615-03:00  INFO 11004 --- [           main] unlp.info.bd2.ToursApplicationTests      : Started ToursApplicationTests in 24.771 seconds (process running for 29.113)
2026-04-19T19:03:09.005-03:00 DEBUG 11004 --- [           main] org.hibernate.SQL                        : 
    select
        next_val as id_val 
    from
        user_sequence for update
Hibernate: 
    select
        next_val as id_val 
    from
        user_sequence for update
2026-04-19T19:03:09.040-03:00 DEBUG 11004 --- [           main] org.hibernate.SQL                        : 
    update
        user_sequence 
    set
        next_val= ? 
    where
        next_val=?
Hibernate: 
    update
        user_sequence 
    set
        next_val= ? 
    where
        next_val=?
2026-04-19T19:03:09.166-03:00 DEBUG 11004 --- [           main] org.hibernate.SQL                        : 
    insert 
    into
        users
        (active, birthdate, email, name, password, phone_number, username, user_type, id) 
    values
        (?, ?, ?, ?, ?, ?, ?, 'User', ?)
Hibernate: 
    insert 
    into
        users
        (active, birthdate, email, name, password, phone_number, username, user_type, id) 
    values
        (?, ?, ?, ?, ?, ?, ?, 'User', ?)
2026-04-19T19:03:09.219-03:00 DEBUG 11004 --- [           main] org.hibernate.SQL                        : 
    select
        next_val as id_val 
    from
        stop_sequence for update
Hibernate: 
    select
        next_val as id_val 
    from
        stop_sequence for update
2026-04-19T19:03:09.222-03:00 DEBUG 11004 --- [           main] org.hibernate.SQL                        : 
    update
        stop_sequence 
    set
        next_val= ? 
    where
        next_val=?
Hibernate: 
    update
        stop_sequence 
    set
        next_val= ? 
    where
        next_val=?
2026-04-19T19:03:09.234-03:00 DEBUG 11004 --- [           main] org.hibernate.SQL                        : 
    select
        next_val as id_val 
    from
        stop_sequence for update
Hibernate: 
    select
        next_val as id_val 
    from
        stop_sequence for update
2026-04-19T19:03:09.236-03:00 DEBUG 11004 --- [           main] org.hibernate.SQL                        : 
    update
        stop_sequence 
    set
        next_val= ? 
    where
        next_val=?
Hibernate: 
    update
        stop_sequence 
    set
        next_val= ? 
    where
        next_val=?
2026-04-19T19:03:09.263-03:00 DEBUG 11004 --- [           main] org.hibernate.SQL                        : 
    select
        next_val as id_val 
    from
        route_sequence for update
Hibernate: 
    select
        next_val as id_val 
    from
        route_sequence for update
2026-04-19T19:03:09.266-03:00 DEBUG 11004 --- [           main] org.hibernate.SQL                        : 
    update
        route_sequence 
    set
        next_val= ? 
    where
        next_val=?
Hibernate: 
    update
        route_sequence 
    set
        next_val= ? 
    where
        next_val=?
2026-04-19T19:03:09.487-03:00 DEBUG 11004 --- [           main] org.hibernate.SQL                        : 
    select
        count(p1_0.id) 
    from
        purchases p1_0 
    where
        p1_0.route_id=?
Hibernate: 
    select
        count(p1_0.id) 
    from
        purchases p1_0 
    where
        p1_0.route_id=?
2026-04-19T19:03:09.505-03:00 DEBUG 11004 --- [           main] org.hibernate.SQL                        : 
    select
        next_val as id_val 
    from
        purchase_sequence for update
Hibernate: 
    select
        next_val as id_val 
    from
        purchase_sequence for update
2026-04-19T19:03:09.507-03:00 DEBUG 11004 --- [           main] org.hibernate.SQL                        : 
    update
        purchase_sequence 
    set
        next_val= ? 
    where
        next_val=?
Hibernate: 
    update
        purchase_sequence 
    set
        next_val= ? 
    where
        next_val=?
2026-04-19T19:03:09.525-03:00 DEBUG 11004 --- [           main] org.hibernate.SQL                        : 
    insert 
    into
        stops
        (description, name, id) 
    values
        (?, ?, ?)
Hibernate: 
    insert 
    into
        stops
        (description, name, id) 
    values
        (?, ?, ?)
2026-04-19T19:03:09.528-03:00 DEBUG 11004 --- [           main] org.hibernate.SQL                        : 
    insert 
    into
        stops
        (description, name, id) 
    values
        (?, ?, ?)
Hibernate: 
    insert 
    into
        stops
        (description, name, id) 
    values
        (?, ?, ?)
2026-04-19T19:03:09.530-03:00 DEBUG 11004 --- [           main] org.hibernate.SQL                        : 
    insert 
    into
        stops
        (description, name, id) 
    values
        (?, ?, ?)
Hibernate: 
    insert 
    into
        stops
        (description, name, id) 
    values
        (?, ?, ?)
2026-04-19T19:03:09.534-03:00 DEBUG 11004 --- [           main] org.hibernate.SQL                        : 
    insert 
    into
        routes
        (max_number_users, name, price, total_km, id) 
    values
        (?, ?, ?, ?, ?)
Hibernate: 
    insert 
    into
        routes
        (max_number_users, name, price, total_km, id) 
    values
        (?, ?, ?, ?, ?)
2026-04-19T19:03:09.540-03:00 DEBUG 11004 --- [           main] org.hibernate.SQL                        : 
    insert 
    into
        purchases
        (code, date, route_id, total_price, user_id, id) 
    values
        (?, ?, ?, ?, ?, ?)
Hibernate: 
    insert 
    into
        purchases
        (code, date, route_id, total_price, user_id, id) 
    values
        (?, ?, ?, ?, ?, ?)
2026-04-19T19:03:09.557-03:00 DEBUG 11004 --- [           main] org.hibernate.SQL                        : 
    insert 
    into
        route_stops
        (route_id, stop_id) 
    values
        (?, ?)
Hibernate: 
    insert 
    into
        route_stops
        (route_id, stop_id) 
    values
        (?, ?)
2026-04-19T19:03:09.561-03:00 DEBUG 11004 --- [           main] org.hibernate.SQL                        : 
    insert 
    into
        route_stops
        (route_id, stop_id) 
    values
        (?, ?)
Hibernate: 
    insert 
    into
        route_stops
        (route_id, stop_id) 
    values
        (?, ?)
2026-04-19T19:03:09.563-03:00 DEBUG 11004 --- [           main] org.hibernate.SQL                        : 
    insert 
    into
        route_stops
        (route_id, stop_id) 
    values
        (?, ?)
Hibernate: 
    insert 
    into
        route_stops
        (route_id, stop_id) 
    values
        (?, ?)
2026-04-19T19:03:09.570-03:00 DEBUG 11004 --- [           main] org.hibernate.SQL                        : 
    select
        next_val as id_val 
    from
        review_sequence for update
Hibernate: 
    select
        next_val as id_val 
    from
        review_sequence for update
2026-04-19T19:03:09.572-03:00 DEBUG 11004 --- [           main] org.hibernate.SQL                        : 
    update
        review_sequence 
    set
        next_val= ? 
    where
        next_val=?
Hibernate: 
    update
        review_sequence 
    set
        next_val= ? 
    where
        next_val=?
2026-04-19T19:03:09.659-03:00 DEBUG 11004 --- [           main] org.hibernate.SQL                        : 
    select
        p1_0.id,
        p1_0.code,
        p1_0.date,
        p1_0.route_id,
        p1_0.total_price,
        p1_0.user_id 
    from
        purchases p1_0 
    where
        p1_0.code=?
Hibernate: 
    select
        p1_0.id,
        p1_0.code,
        p1_0.date,
        p1_0.route_id,
        p1_0.total_price,
        p1_0.user_id 
    from
        purchases p1_0 
    where
        p1_0.code=?
]]></system-out>
    <system-err><![CDATA[WARNING: A Java agent has been loaded dynamically (C:\Users\Usuario\.m2\repository\net\bytebuddy\byte-buddy-agent\1.14.12\byte-buddy-agent-1.14.12.jar)
WARNING: If a serviceability tool is in use, please run with -XX:+EnableDynamicAgentLoading to hide this warning
WARNING: If a serviceability tool is not in use, please run with -Djdk.instrument.traceUsage for more information
WARNING: Dynamic loading of agents will be disallowed by default in a future release
]]></system-err>
  </testcase>
  <testcase name="createAndGetUserTest" classname="unlp.info.bd2.ToursApplicationTests" time="0.269">
    <system-out><![CDATA[2026-04-19T19:03:09.748-03:00 DEBUG 11004 --- [           main] org.hibernate.SQL                        : 
    select
        next_val as id_val 
    from
        user_sequence for update
Hibernate: 
    select
        next_val as id_val 
    from
        user_sequence for update
2026-04-19T19:03:09.751-03:00 DEBUG 11004 --- [           main] org.hibernate.SQL                        : 
    update
        user_sequence 
    set
        next_val= ? 
    where
        next_val=?
Hibernate: 
    update
        user_sequence 
    set
        next_val= ? 
    where
        next_val=?
2026-04-19T19:03:09.763-03:00 DEBUG 11004 --- [           main] org.hibernate.SQL                        : 
    insert 
    into
        users
        (active, birthdate, email, name, password, phone_number, username, user_type, id) 
    values
        (?, ?, ?, ?, ?, ?, ?, 'User', ?)
Hibernate: 
    insert 
    into
        users
        (active, birthdate, email, name, password, phone_number, username, user_type, id) 
    values
        (?, ?, ?, ?, ?, ?, ?, 'User', ?)
2026-04-19T19:03:09.774-03:00 DEBUG 11004 --- [           main] org.hibernate.SQL                        : 
    insert 
    into
        users
        (active, birthdate, email, name, password, phone_number, username, expedient, user_type, id) 
    values
        (?, ?, ?, ?, ?, ?, ?, ?, 'DRIVER', ?)
Hibernate: 
    insert 
    into
        users
        (active, birthdate, email, name, password, phone_number, username, expedient, user_type, id) 
    values
        (?, ?, ?, ?, ?, ?, ?, ?, 'DRIVER', ?)
2026-04-19T19:03:09.784-03:00 DEBUG 11004 --- [           main] org.hibernate.SQL                        : 
    insert 
    into
        users
        (active, birthdate, email, name, password, phone_number, username, education, user_type, id) 
    values
        (?, ?, ?, ?, ?, ?, ?, ?, 'TOUR_GUIDE', ?)
Hibernate: 
    insert 
    into
        users
        (active, birthdate, email, name, password, phone_number, username, education, user_type, id) 
    values
        (?, ?, ?, ?, ?, ?, ?, ?, 'TOUR_GUIDE', ?)
2026-04-19T19:03:09.839-03:00 DEBUG 11004 --- [           main] org.hibernate.SQL                        : 
    select
        u1_0.id,
        u1_0.user_type,
        u1_0.active,
        u1_0.birthdate,
        u1_0.email,
        u1_0.name,
        u1_0.password,
        u1_0.phone_number,
        u1_0.username,
        u1_0.expedient,
        u1_0.education 
    from
        users u1_0 
    where
        (
            u1_0.active = 1
        ) 
        and u1_0.username=?
Hibernate: 
    select
        u1_0.id,
        u1_0.user_type,
        u1_0.active,
        u1_0.birthdate,
        u1_0.email,
        u1_0.name,
        u1_0.password,
        u1_0.phone_number,
        u1_0.username,
        u1_0.expedient,
        u1_0.education 
    from
        users u1_0 
    where
        (
            u1_0.active = 1
        ) 
        and u1_0.username=?
Esto es una nueva linea
2026-04-19T19:03:09.849-03:00 DEBUG 11004 --- [           main] org.hibernate.SQL                        : 
    insert 
    into
        users
        (active, birthdate, email, name, password, phone_number, username, user_type, id) 
    values
        (?, ?, ?, ?, ?, ?, ?, 'User', ?)
Hibernate: 
    insert 
    into
        users
        (active, birthdate, email, name, password, phone_number, username, user_type, id) 
    values
        (?, ?, ?, ?, ?, ?, ?, 'User', ?)
2026-04-19T19:03:09.977-03:00  WARN 11004 --- [           main] o.h.engine.jdbc.spi.SqlExceptionHelper   : SQL Error: 1062, SQLState: 23000
2026-04-19T19:03:09.977-03:00 ERROR 11004 --- [           main] o.h.engine.jdbc.spi.SqlExceptionHelper   : Duplicate entry 'userD' for key 'users.UK_r43af9ap4edm43mmtq01oddj6'
]]></system-out>
  </testcase>
  <testcase name="assignWorkersToRoutesTest" classname="unlp.info.bd2.ToursApplicationTests" time="0.246">
    <system-out><![CDATA[2026-04-19T19:03:10.023-03:00 DEBUG 11004 --- [           main] org.hibernate.SQL                        : 
    select
        next_val as id_val 
    from
        route_sequence for update
Hibernate: 
    select
        next_val as id_val 
    from
        route_sequence for update
2026-04-19T19:03:10.027-03:00 DEBUG 11004 --- [           main] org.hibernate.SQL                        : 
    update
        route_sequence 
    set
        next_val= ? 
    where
        next_val=?
Hibernate: 
    update
        route_sequence 
    set
        next_val= ? 
    where
        next_val=?
2026-04-19T19:03:10.096-03:00 DEBUG 11004 --- [           main] org.hibernate.SQL                        : 
    insert 
    into
        stops
        (description, name, id) 
    values
        (?, ?, ?)
Hibernate: 
    insert 
    into
        stops
        (description, name, id) 
    values
        (?, ?, ?)
2026-04-19T19:03:10.101-03:00 DEBUG 11004 --- [           main] org.hibernate.SQL                        : 
    insert 
    into
        stops
        (description, name, id) 
    values
        (?, ?, ?)
Hibernate: 
    insert 
    into
        stops
        (description, name, id) 
    values
        (?, ?, ?)
2026-04-19T19:03:10.106-03:00 DEBUG 11004 --- [           main] org.hibernate.SQL                        : 
    insert 
    into
        stops
        (description, name, id) 
    values
        (?, ?, ?)
Hibernate: 
    insert 
    into
        stops
        (description, name, id) 
    values
        (?, ?, ?)
2026-04-19T19:03:10.111-03:00 DEBUG 11004 --- [           main] org.hibernate.SQL                        : 
    insert 
    into
        routes
        (max_number_users, name, price, total_km, id) 
    values
        (?, ?, ?, ?, ?)
Hibernate: 
    insert 
    into
        routes
        (max_number_users, name, price, total_km, id) 
    values
        (?, ?, ?, ?, ?)
2026-04-19T19:03:10.115-03:00 DEBUG 11004 --- [           main] org.hibernate.SQL                        : 
    insert 
    into
        users
        (active, birthdate, email, name, password, phone_number, username, expedient, user_type, id) 
    values
        (?, ?, ?, ?, ?, ?, ?, ?, 'DRIVER', ?)
Hibernate: 
    insert 
    into
        users
        (active, birthdate, email, name, password, phone_number, username, expedient, user_type, id) 
    values
        (?, ?, ?, ?, ?, ?, ?, ?, 'DRIVER', ?)
2026-04-19T19:03:10.121-03:00 DEBUG 11004 --- [           main] org.hibernate.SQL                        : 
    insert 
    into
        route_stops
        (route_id, stop_id) 
    values
        (?, ?)
Hibernate: 
    insert 
    into
        route_stops
        (route_id, stop_id) 
    values
        (?, ?)
2026-04-19T19:03:10.125-03:00 DEBUG 11004 --- [           main] org.hibernate.SQL                        : 
    insert 
    into
        route_stops
        (route_id, stop_id) 
    values
        (?, ?)
Hibernate: 
    insert 
    into
        route_stops
        (route_id, stop_id) 
    values
        (?, ?)
2026-04-19T19:03:10.127-03:00 DEBUG 11004 --- [           main] org.hibernate.SQL                        : 
    insert 
    into
        route_stops
        (route_id, stop_id) 
    values
        (?, ?)
Hibernate: 
    insert 
    into
        route_stops
        (route_id, stop_id) 
    values
        (?, ?)
2026-04-19T19:03:10.135-03:00 DEBUG 11004 --- [           main] org.hibernate.SQL                        : 
    insert 
    into
        users
        (active, birthdate, email, name, password, phone_number, username, expedient, user_type, id) 
    values
        (?, ?, ?, ?, ?, ?, ?, ?, 'DRIVER', ?)
Hibernate: 
    insert 
    into
        users
        (active, birthdate, email, name, password, phone_number, username, expedient, user_type, id) 
    values
        (?, ?, ?, ?, ?, ?, ?, ?, 'DRIVER', ?)
2026-04-19T19:03:10.144-03:00 DEBUG 11004 --- [           main] org.hibernate.SQL                        : 
    insert 
    into
        users
        (active, birthdate, email, name, password, phone_number, username, education, user_type, id) 
    values
        (?, ?, ?, ?, ?, ?, ?, ?, 'TOUR_GUIDE', ?)
Hibernate: 
    insert 
    into
        users
        (active, birthdate, email, name, password, phone_number, username, education, user_type, id) 
    values
        (?, ?, ?, ?, ?, ?, ?, ?, 'TOUR_GUIDE', ?)
2026-04-19T19:03:10.161-03:00 DEBUG 11004 --- [           main] org.hibernate.SQL                        : 
    select
        u1_0.id,
        u1_0.user_type,
        u1_0.active,
        u1_0.birthdate,
        u1_0.email,
        u1_0.name,
        u1_0.password,
        u1_0.phone_number,
        u1_0.username,
        u1_0.expedient,
        u1_0.education 
    from
        users u1_0 
    where
        (
            u1_0.active = 1
        ) 
        and u1_0.username=?
Hibernate: 
    select
        u1_0.id,
        u1_0.user_type,
        u1_0.active,
        u1_0.birthdate,
        u1_0.email,
        u1_0.name,
        u1_0.password,
        u1_0.phone_number,
        u1_0.username,
        u1_0.expedient,
        u1_0.education 
    from
        users u1_0 
    where
        (
            u1_0.active = 1
        ) 
        and u1_0.username=?
2026-04-19T19:03:10.177-03:00 DEBUG 11004 --- [           main] org.hibernate.SQL                        : 
    select
        u1_0.id,
        u1_0.user_type,
        u1_0.active,
        u1_0.birthdate,
        u1_0.email,
        u1_0.name,
        u1_0.password,
        u1_0.phone_number,
        u1_0.username,
        u1_0.expedient,
        u1_0.education 
    from
        users u1_0 
    where
        (
            u1_0.active = 1
        ) 
        and u1_0.username=?
Hibernate: 
    select
        u1_0.id,
        u1_0.user_type,
        u1_0.active,
        u1_0.birthdate,
        u1_0.email,
        u1_0.name,
        u1_0.password,
        u1_0.phone_number,
        u1_0.username,
        u1_0.expedient,
        u1_0.education 
    from
        users u1_0 
    where
        (
            u1_0.active = 1
        ) 
        and u1_0.username=?
2026-04-19T19:03:10.188-03:00 DEBUG 11004 --- [           main] org.hibernate.SQL                        : 
    select
        u1_0.id,
        u1_0.user_type,
        u1_0.active,
        u1_0.birthdate,
        u1_0.email,
        u1_0.name,
        u1_0.password,
        u1_0.phone_number,
        u1_0.username,
        u1_0.expedient,
        u1_0.education 
    from
        users u1_0 
    where
        (
            u1_0.active = 1
        ) 
        and u1_0.username=?
Hibernate: 
    select
        u1_0.id,
        u1_0.user_type,
        u1_0.active,
        u1_0.birthdate,
        u1_0.email,
        u1_0.name,
        u1_0.password,
        u1_0.phone_number,
        u1_0.username,
        u1_0.expedient,
        u1_0.education 
    from
        users u1_0 
    where
        (
            u1_0.active = 1
        ) 
        and u1_0.username=?
2026-04-19T19:03:10.203-03:00 DEBUG 11004 --- [           main] org.hibernate.SQL                        : 
    select
        u1_0.id,
        u1_0.user_type,
        u1_0.active,
        u1_0.birthdate,
        u1_0.email,
        u1_0.name,
        u1_0.password,
        u1_0.phone_number,
        u1_0.username,
        u1_0.expedient,
        u1_0.education 
    from
        users u1_0 
    where
        (
            u1_0.active = 1
        ) 
        and u1_0.username=?
Hibernate: 
    select
        u1_0.id,
        u1_0.user_type,
        u1_0.active,
        u1_0.birthdate,
        u1_0.email,
        u1_0.name,
        u1_0.password,
        u1_0.phone_number,
        u1_0.username,
        u1_0.expedient,
        u1_0.education 
    from
        users u1_0 
    where
        (
            u1_0.active = 1
        ) 
        and u1_0.username=?
2026-04-19T19:03:10.223-03:00 DEBUG 11004 --- [           main] org.hibernate.SQL                        : 
    select
        u1_0.id,
        u1_0.user_type,
        u1_0.active,
        u1_0.birthdate,
        u1_0.email,
        u1_0.name,
        u1_0.password,
        u1_0.phone_number,
        u1_0.username,
        u1_0.expedient,
        u1_0.education 
    from
        users u1_0 
    where
        (
            u1_0.active = 1
        ) 
        and u1_0.username=?
Hibernate: 
    select
        u1_0.id,
        u1_0.user_type,
        u1_0.active,
        u1_0.birthdate,
        u1_0.email,
        u1_0.name,
        u1_0.password,
        u1_0.phone_number,
        u1_0.username,
        u1_0.expedient,
        u1_0.education 
    from
        users u1_0 
    where
        (
            u1_0.active = 1
        ) 
        and u1_0.username=?
2026-04-19T19:03:10.231-03:00 DEBUG 11004 --- [           main] org.hibernate.SQL                        : 
    select
        r1_0.id,
        r1_0.max_number_users,
        r1_0.name,
        r1_0.price,
        r1_0.total_km 
    from
        routes r1_0 
    where
        r1_0.id=?
Hibernate: 
    select
        r1_0.id,
        r1_0.max_number_users,
        r1_0.name,
        r1_0.price,
        r1_0.total_km 
    from
        routes r1_0 
    where
        r1_0.id=?
]]></system-out>
  </testcase>
  <testcase name="createAndGetPurchaseTest" classname="unlp.info.bd2.ToursApplicationTests" time="0.529">
    <system-out><![CDATA[2026-04-19T19:03:10.283-03:00 DEBUG 11004 --- [           main] org.hibernate.SQL                        : 
    insert 
    into
        users
        (active, birthdate, email, name, password, phone_number, username, user_type, id) 
    values
        (?, ?, ?, ?, ?, ?, ?, 'User', ?)
Hibernate: 
    insert 
    into
        users
        (active, birthdate, email, name, password, phone_number, username, user_type, id) 
    values
        (?, ?, ?, ?, ?, ?, ?, 'User', ?)
2026-04-19T19:03:10.295-03:00 DEBUG 11004 --- [           main] org.hibernate.SQL                        : 
    select
        next_val as id_val 
    from
        supplier_sequence for update
Hibernate: 
    select
        next_val as id_val 
    from
        supplier_sequence for update
2026-04-19T19:03:10.309-03:00 DEBUG 11004 --- [           main] org.hibernate.SQL                        : 
    update
        supplier_sequence 
    set
        next_val= ? 
    where
        next_val=?
Hibernate: 
    update
        supplier_sequence 
    set
        next_val= ? 
    where
        next_val=?
2026-04-19T19:03:10.328-03:00 DEBUG 11004 --- [           main] org.hibernate.SQL                        : 
    insert 
    into
        stops
        (description, name, id) 
    values
        (?, ?, ?)
Hibernate: 
    insert 
    into
        stops
        (description, name, id) 
    values
        (?, ?, ?)
2026-04-19T19:03:10.330-03:00 DEBUG 11004 --- [           main] org.hibernate.SQL                        : 
    insert 
    into
        stops
        (description, name, id) 
    values
        (?, ?, ?)
Hibernate: 
    insert 
    into
        stops
        (description, name, id) 
    values
        (?, ?, ?)
2026-04-19T19:03:10.333-03:00 DEBUG 11004 --- [           main] org.hibernate.SQL                        : 
    insert 
    into
        stops
        (description, name, id) 
    values
        (?, ?, ?)
Hibernate: 
    insert 
    into
        stops
        (description, name, id) 
    values
        (?, ?, ?)
2026-04-19T19:03:10.336-03:00 DEBUG 11004 --- [           main] org.hibernate.SQL                        : 
    insert 
    into
        routes
        (max_number_users, name, price, total_km, id) 
    values
        (?, ?, ?, ?, ?)
Hibernate: 
    insert 
    into
        routes
        (max_number_users, name, price, total_km, id) 
    values
        (?, ?, ?, ?, ?)
2026-04-19T19:03:10.339-03:00 DEBUG 11004 --- [           main] org.hibernate.SQL                        : 
    insert 
    into
        suppliers
        (authorization_number, business_name, id) 
    values
        (?, ?, ?)
Hibernate: 
    insert 
    into
        suppliers
        (authorization_number, business_name, id) 
    values
        (?, ?, ?)
2026-04-19T19:03:10.345-03:00 DEBUG 11004 --- [           main] org.hibernate.SQL                        : 
    insert 
    into
        route_stops
        (route_id, stop_id) 
    values
        (?, ?)
Hibernate: 
    insert 
    into
        route_stops
        (route_id, stop_id) 
    values
        (?, ?)
2026-04-19T19:03:10.349-03:00 DEBUG 11004 --- [           main] org.hibernate.SQL                        : 
    insert 
    into
        route_stops
        (route_id, stop_id) 
    values
        (?, ?)
Hibernate: 
    insert 
    into
        route_stops
        (route_id, stop_id) 
    values
        (?, ?)
2026-04-19T19:03:10.351-03:00 DEBUG 11004 --- [           main] org.hibernate.SQL                        : 
    insert 
    into
        route_stops
        (route_id, stop_id) 
    values
        (?, ?)
Hibernate: 
    insert 
    into
        route_stops
        (route_id, stop_id) 
    values
        (?, ?)
2026-04-19T19:03:10.355-03:00 DEBUG 11004 --- [           main] org.hibernate.SQL                        : 
    select
        next_val as id_val 
    from
        supplier_sequence for update
Hibernate: 
    select
        next_val as id_val 
    from
        supplier_sequence for update
2026-04-19T19:03:10.357-03:00 DEBUG 11004 --- [           main] org.hibernate.SQL                        : 
    update
        supplier_sequence 
    set
        next_val= ? 
    where
        next_val=?
Hibernate: 
    update
        supplier_sequence 
    set
        next_val= ? 
    where
        next_val=?
2026-04-19T19:03:10.379-03:00 DEBUG 11004 --- [           main] org.hibernate.SQL                        : 
    insert 
    into
        suppliers
        (authorization_number, business_name, id) 
    values
        (?, ?, ?)
Hibernate: 
    insert 
    into
        suppliers
        (authorization_number, business_name, id) 
    values
        (?, ?, ?)
2026-04-19T19:03:10.393-03:00 DEBUG 11004 --- [           main] org.hibernate.SQL                        : 
    select
        next_val as id_val 
    from
        service_sequence for update
Hibernate: 
    select
        next_val as id_val 
    from
        service_sequence for update
2026-04-19T19:03:10.397-03:00 DEBUG 11004 --- [           main] org.hibernate.SQL                        : 
    update
        service_sequence 
    set
        next_val= ? 
    where
        next_val=?
Hibernate: 
    update
        service_sequence 
    set
        next_val= ? 
    where
        next_val=?
2026-04-19T19:03:10.419-03:00 DEBUG 11004 --- [           main] org.hibernate.SQL                        : 
    insert 
    into
        services
        (description, name, price, supplier_id, id) 
    values
        (?, ?, ?, ?, ?)
Hibernate: 
    insert 
    into
        services
        (description, name, price, supplier_id, id) 
    values
        (?, ?, ?, ?, ?)
2026-04-19T19:03:10.429-03:00 DEBUG 11004 --- [           main] org.hibernate.SQL                        : 
    select
        next_val as id_val 
    from
        service_sequence for update
Hibernate: 
    select
        next_val as id_val 
    from
        service_sequence for update
2026-04-19T19:03:10.433-03:00 DEBUG 11004 --- [           main] org.hibernate.SQL                        : 
    update
        service_sequence 
    set
        next_val= ? 
    where
        next_val=?
Hibernate: 
    update
        service_sequence 
    set
        next_val= ? 
    where
        next_val=?
2026-04-19T19:03:10.452-03:00 DEBUG 11004 --- [           main] org.hibernate.SQL                        : 
    insert 
    into
        services
        (description, name, price, supplier_id, id) 
    values
        (?, ?, ?, ?, ?)
Hibernate: 
    insert 
    into
        services
        (description, name, price, supplier_id, id) 
    values
        (?, ?, ?, ?, ?)
2026-04-19T19:03:10.469-03:00 DEBUG 11004 --- [           main] org.hibernate.SQL                        : 
    select
        count(p1_0.id) 
    from
        purchases p1_0 
    where
        p1_0.route_id=?
Hibernate: 
    select
        count(p1_0.id) 
    from
        purchases p1_0 
    where
        p1_0.route_id=?
2026-04-19T19:03:10.476-03:00 DEBUG 11004 --- [           main] org.hibernate.SQL                        : 
    select
        next_val as id_val 
    from
        purchase_sequence for update
Hibernate: 
    select
        next_val as id_val 
    from
        purchase_sequence for update
2026-04-19T19:03:10.480-03:00 DEBUG 11004 --- [           main] org.hibernate.SQL                        : 
    update
        purchase_sequence 
    set
        next_val= ? 
    where
        next_val=?
Hibernate: 
    update
        purchase_sequence 
    set
        next_val= ? 
    where
        next_val=?
2026-04-19T19:03:10.508-03:00 DEBUG 11004 --- [           main] org.hibernate.SQL                        : 
    insert 
    into
        purchases
        (code, date, route_id, total_price, user_id, id) 
    values
        (?, ?, ?, ?, ?, ?)
Hibernate: 
    insert 
    into
        purchases
        (code, date, route_id, total_price, user_id, id) 
    values
        (?, ?, ?, ?, ?, ?)
2026-04-19T19:03:10.533-03:00 DEBUG 11004 --- [           main] org.hibernate.SQL                        : 
    select
        next_val as id_val 
    from
        item_service_sequence for update
Hibernate: 
    select
        next_val as id_val 
    from
        item_service_sequence for update
2026-04-19T19:03:10.535-03:00 DEBUG 11004 --- [           main] org.hibernate.SQL                        : 
    update
        item_service_sequence 
    set
        next_val= ? 
    where
        next_val=?
Hibernate: 
    update
        item_service_sequence 
    set
        next_val= ? 
    where
        next_val=?
2026-04-19T19:03:10.581-03:00 DEBUG 11004 --- [           main] org.hibernate.SQL                        : 
    select
        next_val as id_val 
    from
        item_service_sequence for update
Hibernate: 
    select
        next_val as id_val 
    from
        item_service_sequence for update
2026-04-19T19:03:10.584-03:00 DEBUG 11004 --- [           main] org.hibernate.SQL                        : 
    update
        item_service_sequence 
    set
        next_val= ? 
    where
        next_val=?
Hibernate: 
    update
        item_service_sequence 
    set
        next_val= ? 
    where
        next_val=?
2026-04-19T19:03:10.621-03:00 DEBUG 11004 --- [           main] org.hibernate.SQL                        : 
    insert 
    into
        item_services
        (purchase_id, quantity, service_id, id) 
    values
        (?, ?, ?, ?)
Hibernate: 
    insert 
    into
        item_services
        (purchase_id, quantity, service_id, id) 
    values
        (?, ?, ?, ?)
2026-04-19T19:03:10.631-03:00 DEBUG 11004 --- [           main] org.hibernate.SQL                        : 
    insert 
    into
        item_services
        (purchase_id, quantity, service_id, id) 
    values
        (?, ?, ?, ?)
Hibernate: 
    insert 
    into
        item_services
        (purchase_id, quantity, service_id, id) 
    values
        (?, ?, ?, ?)
2026-04-19T19:03:10.658-03:00 DEBUG 11004 --- [           main] org.hibernate.SQL                        : 
    update
        purchases 
    set
        code=?,
        date=?,
        route_id=?,
        total_price=?,
        user_id=? 
    where
        id=?
Hibernate: 
    update
        purchases 
    set
        code=?,
        date=?,
        route_id=?,
        total_price=?,
        user_id=? 
    where
        id=?
2026-04-19T19:03:10.672-03:00 DEBUG 11004 --- [           main] org.hibernate.SQL                        : 
    select
        p1_0.id,
        p1_0.code,
        p1_0.date,
        p1_0.route_id,
        p1_0.total_price,
        p1_0.user_id 
    from
        purchases p1_0 
    where
        p1_0.code=?
Hibernate: 
    select
        p1_0.id,
        p1_0.code,
        p1_0.date,
        p1_0.route_id,
        p1_0.total_price,
        p1_0.user_id 
    from
        purchases p1_0 
    where
        p1_0.code=?
2026-04-19T19:03:10.696-03:00 DEBUG 11004 --- [           main] org.hibernate.SQL                        : 
    select
        count(p1_0.id) 
    from
        purchases p1_0 
    where
        p1_0.route_id=?
Hibernate: 
    select
        count(p1_0.id) 
    from
        purchases p1_0 
    where
        p1_0.route_id=?
2026-04-19T19:03:10.724-03:00 DEBUG 11004 --- [           main] org.hibernate.SQL                        : 
    insert 
    into
        purchases
        (code, date, route_id, total_price, user_id, id) 
    values
        (?, ?, ?, ?, ?, ?)
Hibernate: 
    insert 
    into
        purchases
        (code, date, route_id, total_price, user_id, id) 
    values
        (?, ?, ?, ?, ?, ?)
2026-04-19T19:03:10.744-03:00 DEBUG 11004 --- [           main] org.hibernate.SQL                        : 
    select
        count(p1_0.id) 
    from
        purchases p1_0 
    where
        p1_0.route_id=?
Hibernate: 
    select
        count(p1_0.id) 
    from
        purchases p1_0 
    where
        p1_0.route_id=?
2026-04-19T19:03:10.764-03:00 DEBUG 11004 --- [           main] org.hibernate.SQL                        : 
    select
        count(p1_0.id) 
    from
        purchases p1_0 
    where
        p1_0.route_id=?
Hibernate: 
    select
        count(p1_0.id) 
    from
        purchases p1_0 
    where
        p1_0.route_id=?
]]></system-out>
  </testcase>
  <testcase name="removePurchaseAndItems" classname="unlp.info.bd2.ToursApplicationTests" time="0.258">
    <system-out><![CDATA[2026-04-19T19:03:10.809-03:00 DEBUG 11004 --- [           main] org.hibernate.SQL                        : 
    insert 
    into
        users
        (active, birthdate, email, name, password, phone_number, username, user_type, id) 
    values
        (?, ?, ?, ?, ?, ?, ?, 'User', ?)
Hibernate: 
    insert 
    into
        users
        (active, birthdate, email, name, password, phone_number, username, user_type, id) 
    values
        (?, ?, ?, ?, ?, ?, ?, 'User', ?)
2026-04-19T19:03:10.827-03:00 DEBUG 11004 --- [           main] org.hibernate.SQL                        : 
    insert 
    into
        stops
        (description, name, id) 
    values
        (?, ?, ?)
Hibernate: 
    insert 
    into
        stops
        (description, name, id) 
    values
        (?, ?, ?)
2026-04-19T19:03:10.833-03:00 DEBUG 11004 --- [           main] org.hibernate.SQL                        : 
    insert 
    into
        stops
        (description, name, id) 
    values
        (?, ?, ?)
Hibernate: 
    insert 
    into
        stops
        (description, name, id) 
    values
        (?, ?, ?)
2026-04-19T19:03:10.840-03:00 DEBUG 11004 --- [           main] org.hibernate.SQL                        : 
    insert 
    into
        stops
        (description, name, id) 
    values
        (?, ?, ?)
Hibernate: 
    insert 
    into
        stops
        (description, name, id) 
    values
        (?, ?, ?)
2026-04-19T19:03:10.845-03:00 DEBUG 11004 --- [           main] org.hibernate.SQL                        : 
    insert 
    into
        routes
        (max_number_users, name, price, total_km, id) 
    values
        (?, ?, ?, ?, ?)
Hibernate: 
    insert 
    into
        routes
        (max_number_users, name, price, total_km, id) 
    values
        (?, ?, ?, ?, ?)
2026-04-19T19:03:10.849-03:00 DEBUG 11004 --- [           main] org.hibernate.SQL                        : 
    insert 
    into
        suppliers
        (authorization_number, business_name, id) 
    values
        (?, ?, ?)
Hibernate: 
    insert 
    into
        suppliers
        (authorization_number, business_name, id) 
    values
        (?, ?, ?)
2026-04-19T19:03:10.853-03:00 DEBUG 11004 --- [           main] org.hibernate.SQL                        : 
    insert 
    into
        route_stops
        (route_id, stop_id) 
    values
        (?, ?)
Hibernate: 
    insert 
    into
        route_stops
        (route_id, stop_id) 
    values
        (?, ?)
2026-04-19T19:03:10.857-03:00 DEBUG 11004 --- [           main] org.hibernate.SQL                        : 
    insert 
    into
        route_stops
        (route_id, stop_id) 
    values
        (?, ?)
Hibernate: 
    insert 
    into
        route_stops
        (route_id, stop_id) 
    values
        (?, ?)
2026-04-19T19:03:10.861-03:00 DEBUG 11004 --- [           main] org.hibernate.SQL                        : 
    insert 
    into
        route_stops
        (route_id, stop_id) 
    values
        (?, ?)
Hibernate: 
    insert 
    into
        route_stops
        (route_id, stop_id) 
    values
        (?, ?)
2026-04-19T19:03:10.869-03:00 DEBUG 11004 --- [           main] org.hibernate.SQL                        : 
    insert 
    into
        services
        (description, name, price, supplier_id, id) 
    values
        (?, ?, ?, ?, ?)
Hibernate: 
    insert 
    into
        services
        (description, name, price, supplier_id, id) 
    values
        (?, ?, ?, ?, ?)
2026-04-19T19:03:10.879-03:00 DEBUG 11004 --- [           main] org.hibernate.SQL                        : 
    insert 
    into
        services
        (description, name, price, supplier_id, id) 
    values
        (?, ?, ?, ?, ?)
Hibernate: 
    insert 
    into
        services
        (description, name, price, supplier_id, id) 
    values
        (?, ?, ?, ?, ?)
2026-04-19T19:03:10.889-03:00 DEBUG 11004 --- [           main] org.hibernate.SQL                        : 
    select
        count(p1_0.id) 
    from
        purchases p1_0 
    where
        p1_0.route_id=?
Hibernate: 
    select
        count(p1_0.id) 
    from
        purchases p1_0 
    where
        p1_0.route_id=?
2026-04-19T19:03:10.897-03:00 DEBUG 11004 --- [           main] org.hibernate.SQL                        : 
    insert 
    into
        purchases
        (code, date, route_id, total_price, user_id, id) 
    values
        (?, ?, ?, ?, ?, ?)
Hibernate: 
    insert 
    into
        purchases
        (code, date, route_id, total_price, user_id, id) 
    values
        (?, ?, ?, ?, ?, ?)
2026-04-19T19:03:10.963-03:00 DEBUG 11004 --- [           main] org.hibernate.SQL                        : 
    insert 
    into
        item_services
        (purchase_id, quantity, service_id, id) 
    values
        (?, ?, ?, ?)
Hibernate: 
    insert 
    into
        item_services
        (purchase_id, quantity, service_id, id) 
    values
        (?, ?, ?, ?)
2026-04-19T19:03:10.968-03:00 DEBUG 11004 --- [           main] org.hibernate.SQL                        : 
    insert 
    into
        item_services
        (purchase_id, quantity, service_id, id) 
    values
        (?, ?, ?, ?)
Hibernate: 
    insert 
    into
        item_services
        (purchase_id, quantity, service_id, id) 
    values
        (?, ?, ?, ?)
2026-04-19T19:03:10.987-03:00 DEBUG 11004 --- [           main] org.hibernate.SQL                        : 
    delete 
    from
        item_services 
    where
        id=?
Hibernate: 
    delete 
    from
        item_services 
    where
        id=?
2026-04-19T19:03:11.005-03:00 DEBUG 11004 --- [           main] org.hibernate.SQL                        : 
    delete 
    from
        item_services 
    where
        id=?
Hibernate: 
    delete 
    from
        item_services 
    where
        id=?
2026-04-19T19:03:11.010-03:00 DEBUG 11004 --- [           main] org.hibernate.SQL                        : 
    delete 
    from
        purchases 
    where
        id=?
Hibernate: 
    delete 
    from
        purchases 
    where
        id=?
2026-04-19T19:03:11.027-03:00 DEBUG 11004 --- [           main] org.hibernate.SQL                        : 
    select
        p1_0.id,
        p1_0.code,
        p1_0.date,
        p1_0.route_id,
        p1_0.total_price,
        p1_0.user_id 
    from
        purchases p1_0 
    where
        p1_0.code=?
Hibernate: 
    select
        p1_0.id,
        p1_0.code,
        p1_0.date,
        p1_0.route_id,
        p1_0.total_price,
        p1_0.user_id 
    from
        purchases p1_0 
    where
        p1_0.code=?
]]></system-out>
  </testcase>
  <testcase name="createAndGetRoutesAndStopsTest" classname="unlp.info.bd2.ToursApplicationTests" time="0.202">
    <system-out><![CDATA[2026-04-19T19:03:11.111-03:00 DEBUG 11004 --- [           main] org.hibernate.SQL                        : 
    insert 
    into
        stops
        (description, name, id) 
    values
        (?, ?, ?)
Hibernate: 
    insert 
    into
        stops
        (description, name, id) 
    values
        (?, ?, ?)
2026-04-19T19:03:11.116-03:00 DEBUG 11004 --- [           main] org.hibernate.SQL                        : 
    insert 
    into
        stops
        (description, name, id) 
    values
        (?, ?, ?)
Hibernate: 
    insert 
    into
        stops
        (description, name, id) 
    values
        (?, ?, ?)
2026-04-19T19:03:11.121-03:00 DEBUG 11004 --- [           main] org.hibernate.SQL                        : 
    insert 
    into
        stops
        (description, name, id) 
    values
        (?, ?, ?)
Hibernate: 
    insert 
    into
        stops
        (description, name, id) 
    values
        (?, ?, ?)
2026-04-19T19:03:11.127-03:00 DEBUG 11004 --- [           main] org.hibernate.SQL                        : 
    select
        s1_0.id,
        s1_0.description,
        s1_0.name 
    from
        stops s1_0 
    where
        s1_0.name like ? escape '\\'
Hibernate: 
    select
        s1_0.id,
        s1_0.description,
        s1_0.name 
    from
        stops s1_0 
    where
        s1_0.name like ? escape '\\'
2026-04-19T19:03:11.140-03:00 DEBUG 11004 --- [           main] org.hibernate.SQL                        : 
    select
        s1_0.id,
        s1_0.description,
        s1_0.name 
    from
        stops s1_0 
    where
        s1_0.name like ? escape '\\'
Hibernate: 
    select
        s1_0.id,
        s1_0.description,
        s1_0.name 
    from
        stops s1_0 
    where
        s1_0.name like ? escape '\\'
2026-04-19T19:03:11.151-03:00 DEBUG 11004 --- [           main] org.hibernate.SQL                        : 
    select
        s1_0.id,
        s1_0.description,
        s1_0.name 
    from
        stops s1_0 
    where
        s1_0.name like ? escape '\\'
Hibernate: 
    select
        s1_0.id,
        s1_0.description,
        s1_0.name 
    from
        stops s1_0 
    where
        s1_0.name like ? escape '\\'
2026-04-19T19:03:11.176-03:00 DEBUG 11004 --- [           main] org.hibernate.SQL                        : 
    insert 
    into
        routes
        (max_number_users, name, price, total_km, id) 
    values
        (?, ?, ?, ?, ?)
Hibernate: 
    insert 
    into
        routes
        (max_number_users, name, price, total_km, id) 
    values
        (?, ?, ?, ?, ?)
2026-04-19T19:03:11.182-03:00 DEBUG 11004 --- [           main] org.hibernate.SQL                        : 
    insert 
    into
        routes
        (max_number_users, name, price, total_km, id) 
    values
        (?, ?, ?, ?, ?)
Hibernate: 
    insert 
    into
        routes
        (max_number_users, name, price, total_km, id) 
    values
        (?, ?, ?, ?, ?)
2026-04-19T19:03:11.189-03:00 DEBUG 11004 --- [           main] org.hibernate.SQL                        : 
    insert 
    into
        route_stops
        (route_id, stop_id) 
    values
        (?, ?)
Hibernate: 
    insert 
    into
        route_stops
        (route_id, stop_id) 
    values
        (?, ?)
2026-04-19T19:03:11.195-03:00 DEBUG 11004 --- [           main] org.hibernate.SQL                        : 
    insert 
    into
        route_stops
        (route_id, stop_id) 
    values
        (?, ?)
Hibernate: 
    insert 
    into
        route_stops
        (route_id, stop_id) 
    values
        (?, ?)
2026-04-19T19:03:11.201-03:00 DEBUG 11004 --- [           main] org.hibernate.SQL                        : 
    insert 
    into
        route_stops
        (route_id, stop_id) 
    values
        (?, ?)
Hibernate: 
    insert 
    into
        route_stops
        (route_id, stop_id) 
    values
        (?, ?)
2026-04-19T19:03:11.206-03:00 DEBUG 11004 --- [           main] org.hibernate.SQL                        : 
    insert 
    into
        route_stops
        (route_id, stop_id) 
    values
        (?, ?)
Hibernate: 
    insert 
    into
        route_stops
        (route_id, stop_id) 
    values
        (?, ?)
2026-04-19T19:03:11.211-03:00 DEBUG 11004 --- [           main] org.hibernate.SQL                        : 
    insert 
    into
        route_stops
        (route_id, stop_id) 
    values
        (?, ?)
Hibernate: 
    insert 
    into
        route_stops
        (route_id, stop_id) 
    values
        (?, ?)
2026-04-19T19:03:11.215-03:00 DEBUG 11004 --- [           main] org.hibernate.SQL                        : 
    select
        r1_0.id,
        r1_0.max_number_users,
        r1_0.name,
        r1_0.price,
        r1_0.total_km 
    from
        routes r1_0 
    where
        r1_0.price<?
Hibernate: 
    select
        r1_0.id,
        r1_0.max_number_users,
        r1_0.name,
        r1_0.price,
        r1_0.total_km 
    from
        routes r1_0 
    where
        r1_0.price<?
2026-04-19T19:03:11.228-03:00 DEBUG 11004 --- [           main] org.hibernate.SQL                        : 
    select
        r1_0.id,
        r1_0.max_number_users,
        r1_0.name,
        r1_0.price,
        r1_0.total_km 
    from
        routes r1_0 
    where
        r1_0.price<?
Hibernate: 
    select
        r1_0.id,
        r1_0.max_number_users,
        r1_0.name,
        r1_0.price,
        r1_0.total_km 
    from
        routes r1_0 
    where
        r1_0.price<?
]]></system-out>
  </testcase>
  <testcase name="createAndGetSupplierAndService" classname="unlp.info.bd2.ToursApplicationTests" time="0.147">
    <system-out><![CDATA[2026-04-19T19:03:11.284-03:00 DEBUG 11004 --- [           main] org.hibernate.SQL                        : 
    insert 
    into
        suppliers
        (authorization_number, business_name, id) 
    values
        (?, ?, ?)
Hibernate: 
    insert 
    into
        suppliers
        (authorization_number, business_name, id) 
    values
        (?, ?, ?)
2026-04-19T19:03:11.302-03:00 DEBUG 11004 --- [           main] org.hibernate.SQL                        : 
    insert 
    into
        services
        (description, name, price, supplier_id, id) 
    values
        (?, ?, ?, ?, ?)
Hibernate: 
    insert 
    into
        services
        (description, name, price, supplier_id, id) 
    values
        (?, ?, ?, ?, ?)
2026-04-19T19:03:11.324-03:00 DEBUG 11004 --- [           main] org.hibernate.SQL                        : 
    select
        s1_0.id,
        s1_0.authorization_number,
        s1_0.business_name 
    from
        suppliers s1_0 
    where
        s1_0.authorization_number=?
Hibernate: 
    select
        s1_0.id,
        s1_0.authorization_number,
        s1_0.business_name 
    from
        suppliers s1_0 
    where
        s1_0.authorization_number=?
2026-04-19T19:03:11.340-03:00 DEBUG 11004 --- [           main] org.hibernate.SQL                        : 
    select
        s1_0.id,
        s1_0.authorization_number,
        s1_0.business_name 
    from
        suppliers s1_0 
    where
        s1_0.authorization_number=?
Hibernate: 
    select
        s1_0.id,
        s1_0.authorization_number,
        s1_0.business_name 
    from
        suppliers s1_0 
    where
        s1_0.authorization_number=?
2026-04-19T19:03:11.356-03:00 DEBUG 11004 --- [           main] org.hibernate.SQL                        : 
    select
        s1_0.id,
        s1_0.description,
        s1_0.name,
        s1_0.price,
        s1_0.supplier_id 
    from
        services s1_0 
    left join
        suppliers s2_0 
            on s2_0.id=s1_0.supplier_id 
    where
        s1_0.name=? 
        and s2_0.id=?
Hibernate: 
    select
        s1_0.id,
        s1_0.description,
        s1_0.name,
        s1_0.price,
        s1_0.supplier_id 
    from
        services s1_0 
    left join
        suppliers s2_0 
            on s2_0.id=s1_0.supplier_id 
    where
        s1_0.name=? 
        and s2_0.id=?
2026-04-19T19:03:11.371-03:00 DEBUG 11004 --- [           main] org.hibernate.SQL                        : 
    select
        s1_0.id,
        s1_0.description,
        s1_0.name,
        s1_0.price,
        s1_0.supplier_id 
    from
        services s1_0 
    left join
        suppliers s2_0 
            on s2_0.id=s1_0.supplier_id 
    where
        s1_0.name=? 
        and s2_0.id=?
Hibernate: 
    select
        s1_0.id,
        s1_0.description,
        s1_0.name,
        s1_0.price,
        s1_0.supplier_id 
    from
        services s1_0 
    left join
        suppliers s2_0 
            on s2_0.id=s1_0.supplier_id 
    where
        s1_0.name=? 
        and s2_0.id=?
2026-04-19T19:03:11.385-03:00 DEBUG 11004 --- [           main] org.hibernate.SQL                        : 
    insert 
    into
        suppliers
        (authorization_number, business_name, id) 
    values
        (?, ?, ?)
Hibernate: 
    insert 
    into
        suppliers
        (authorization_number, business_name, id) 
    values
        (?, ?, ?)
2026-04-19T19:03:11.389-03:00  WARN 11004 --- [           main] o.h.engine.jdbc.spi.SqlExceptionHelper   : SQL Error: 1062, SQLState: 23000
2026-04-19T19:03:11.389-03:00 ERROR 11004 --- [           main] o.h.engine.jdbc.spi.SqlExceptionHelper   : Duplicate entry '000111' for key 'suppliers.UK_3wbbmcij3ahiecomkim50n8nm'
]]></system-out>
  </testcase>
  <testcase name="updateUserTest" classname="unlp.info.bd2.ToursApplicationTests" time="0.212">
    <system-out><![CDATA[2026-04-19T19:03:11.445-03:00 DEBUG 11004 --- [           main] org.hibernate.SQL                        : 
    insert 
    into
        users
        (active, birthdate, email, name, password, phone_number, username, user_type, id) 
    values
        (?, ?, ?, ?, ?, ?, ?, 'User', ?)
Hibernate: 
    insert 
    into
        users
        (active, birthdate, email, name, password, phone_number, username, user_type, id) 
    values
        (?, ?, ?, ?, ?, ?, ?, 'User', ?)
2026-04-19T19:03:11.457-03:00 DEBUG 11004 --- [           main] org.hibernate.SQL                        : 
    insert 
    into
        users
        (active, birthdate, email, name, password, phone_number, username, expedient, user_type, id) 
    values
        (?, ?, ?, ?, ?, ?, ?, ?, 'DRIVER', ?)
Hibernate: 
    insert 
    into
        users
        (active, birthdate, email, name, password, phone_number, username, expedient, user_type, id) 
    values
        (?, ?, ?, ?, ?, ?, ?, ?, 'DRIVER', ?)
2026-04-19T19:03:11.505-03:00 DEBUG 11004 --- [           main] org.hibernate.SQL                        : 
    update
        users 
    set
        active=?,
        birthdate=?,
        email=?,
        name=?,
        password=?,
        phone_number=?,
        username=? 
    where
        id=?
Hibernate: 
    update
        users 
    set
        active=?,
        birthdate=?,
        email=?,
        name=?,
        password=?,
        phone_number=?,
        username=? 
    where
        id=?
2026-04-19T19:03:11.516-03:00 DEBUG 11004 --- [           main] org.hibernate.SQL                        : 
    select
        count(*) 
    from
        users u1_0 
    where
        (
            u1_0.active = 1
        ) 
        and u1_0.id=?
Hibernate: 
    select
        count(*) 
    from
        users u1_0 
    where
        (
            u1_0.active = 1
        ) 
        and u1_0.id=?
2026-04-19T19:03:11.550-03:00 DEBUG 11004 --- [           main] org.hibernate.SQL                        : 
    update
        users 
    set
        active=?,
        birthdate=?,
        email=?,
        name=?,
        password=?,
        phone_number=?,
        username=?,
        expedient=? 
    where
        id=?
Hibernate: 
    update
        users 
    set
        active=?,
        birthdate=?,
        email=?,
        name=?,
        password=?,
        phone_number=?,
        username=?,
        expedient=? 
    where
        id=?
2026-04-19T19:03:11.555-03:00 DEBUG 11004 --- [           main] org.hibernate.SQL                        : 
    select
        count(*) 
    from
        users u1_0 
    where
        (
            u1_0.active = 1
        ) 
        and u1_0.id=?
Hibernate: 
    select
        count(*) 
    from
        users u1_0 
    where
        (
            u1_0.active = 1
        ) 
        and u1_0.id=?
2026-04-19T19:03:11.568-03:00 DEBUG 11004 --- [           main] org.hibernate.SQL                        : 
    update
        users 
    set
        active=?,
        birthdate=?,
        email=?,
        name=?,
        password=?,
        phone_number=?,
        username=? 
    where
        id=?
Hibernate: 
    update
        users 
    set
        active=?,
        birthdate=?,
        email=?,
        name=?,
        password=?,
        phone_number=?,
        username=? 
    where
        id=?
2026-04-19T19:03:11.576-03:00 DEBUG 11004 --- [           main] org.hibernate.SQL                        : 
    select
        count(*) 
    from
        users u1_0 
    where
        (
            u1_0.active = 1
        ) 
        and u1_0.id=?
Hibernate: 
    select
        count(*) 
    from
        users u1_0 
    where
        (
            u1_0.active = 1
        ) 
        and u1_0.id=?
2026-04-19T19:03:11.587-03:00 DEBUG 11004 --- [           main] org.hibernate.SQL                        : 
    select
        u1_0.id,
        u1_0.user_type,
        u1_0.active,
        u1_0.birthdate,
        u1_0.email,
        u1_0.name,
        u1_0.password,
        u1_0.phone_number,
        u1_0.username,
        u1_0.expedient,
        u1_0.education 
    from
        users u1_0 
    where
        (
            u1_0.active = 1
        ) 
        and u1_0.username=?
Hibernate: 
    select
        u1_0.id,
        u1_0.user_type,
        u1_0.active,
        u1_0.birthdate,
        u1_0.email,
        u1_0.name,
        u1_0.password,
        u1_0.phone_number,
        u1_0.username,
        u1_0.expedient,
        u1_0.education 
    from
        users u1_0 
    where
        (
            u1_0.active = 1
        ) 
        and u1_0.username=?
2026-04-19T19:03:11.606-03:00 DEBUG 11004 --- [           main] org.hibernate.SQL                        : 
    select
        u1_0.id,
        u1_0.user_type,
        u1_0.active,
        u1_0.birthdate,
        u1_0.email,
        u1_0.name,
        u1_0.password,
        u1_0.phone_number,
        u1_0.username,
        u1_0.expedient,
        u1_0.education 
    from
        users u1_0 
    where
        (
            u1_0.active = 1
        ) 
        and u1_0.username=?
Hibernate: 
    select
        u1_0.id,
        u1_0.user_type,
        u1_0.active,
        u1_0.birthdate,
        u1_0.email,
        u1_0.name,
        u1_0.password,
        u1_0.phone_number,
        u1_0.username,
        u1_0.expedient,
        u1_0.education 
    from
        users u1_0 
    where
        (
            u1_0.active = 1
        ) 
        and u1_0.username=?
]]></system-out>
  </testcase>
  <testcase name="deleteUserTest" classname="unlp.info.bd2.ToursApplicationTests" time="0.196">
    <system-out><![CDATA[2026-04-19T19:03:11.647-03:00 DEBUG 11004 --- [           main] org.hibernate.SQL                        : 
    insert 
    into
        users
        (active, birthdate, email, name, password, phone_number, username, user_type, id) 
    values
        (?, ?, ?, ?, ?, ?, ?, 'User', ?)
Hibernate: 
    insert 
    into
        users
        (active, birthdate, email, name, password, phone_number, username, user_type, id) 
    values
        (?, ?, ?, ?, ?, ?, ?, 'User', ?)
2026-04-19T19:03:11.662-03:00 DEBUG 11004 --- [           main] org.hibernate.SQL                        : 
    UPDATE
        users 
    SET
        active = false 
    WHERE
        id = ?
Hibernate: 
    UPDATE
        users 
    SET
        active = false 
    WHERE
        id = ?
2026-04-19T19:03:11.667-03:00 DEBUG 11004 --- [           main] org.hibernate.SQL                        : 
    select
        u1_0.id,
        u1_0.user_type,
        u1_0.active,
        u1_0.birthdate,
        u1_0.email,
        u1_0.name,
        u1_0.password,
        u1_0.phone_number,
        u1_0.username,
        u1_0.expedient,
        u1_0.education 
    from
        users u1_0 
    where
        (
            u1_0.active = 1
        ) 
        and u1_0.username=?
Hibernate: 
    select
        u1_0.id,
        u1_0.user_type,
        u1_0.active,
        u1_0.birthdate,
        u1_0.email,
        u1_0.name,
        u1_0.password,
        u1_0.phone_number,
        u1_0.username,
        u1_0.expedient,
        u1_0.education 
    from
        users u1_0 
    where
        (
            u1_0.active = 1
        ) 
        and u1_0.username=?
2026-04-19T19:03:11.676-03:00 DEBUG 11004 --- [           main] org.hibernate.SQL                        : 
    insert 
    into
        users
        (active, birthdate, email, name, password, phone_number, username, user_type, id) 
    values
        (?, ?, ?, ?, ?, ?, ?, 'User', ?)
Hibernate: 
    insert 
    into
        users
        (active, birthdate, email, name, password, phone_number, username, user_type, id) 
    values
        (?, ?, ?, ?, ?, ?, ?, 'User', ?)
2026-04-19T19:03:11.690-03:00 DEBUG 11004 --- [           main] org.hibernate.SQL                        : 
    select
        count(p1_0.id) 
    from
        purchases p1_0 
    where
        p1_0.route_id=?
Hibernate: 
    select
        count(p1_0.id) 
    from
        purchases p1_0 
    where
        p1_0.route_id=?
2026-04-19T19:03:11.697-03:00 DEBUG 11004 --- [           main] org.hibernate.SQL                        : 
    insert 
    into
        stops
        (description, name, id) 
    values
        (?, ?, ?)
Hibernate: 
    insert 
    into
        stops
        (description, name, id) 
    values
        (?, ?, ?)
2026-04-19T19:03:11.702-03:00 DEBUG 11004 --- [           main] org.hibernate.SQL                        : 
    insert 
    into
        stops
        (description, name, id) 
    values
        (?, ?, ?)
Hibernate: 
    insert 
    into
        stops
        (description, name, id) 
    values
        (?, ?, ?)
2026-04-19T19:03:11.707-03:00 DEBUG 11004 --- [           main] org.hibernate.SQL                        : 
    insert 
    into
        stops
        (description, name, id) 
    values
        (?, ?, ?)
Hibernate: 
    insert 
    into
        stops
        (description, name, id) 
    values
        (?, ?, ?)
2026-04-19T19:03:11.712-03:00 DEBUG 11004 --- [           main] org.hibernate.SQL                        : 
    insert 
    into
        routes
        (max_number_users, name, price, total_km, id) 
    values
        (?, ?, ?, ?, ?)
Hibernate: 
    insert 
    into
        routes
        (max_number_users, name, price, total_km, id) 
    values
        (?, ?, ?, ?, ?)
2026-04-19T19:03:11.716-03:00 DEBUG 11004 --- [           main] org.hibernate.SQL                        : 
    insert 
    into
        purchases
        (code, date, route_id, total_price, user_id, id) 
    values
        (?, ?, ?, ?, ?, ?)
Hibernate: 
    insert 
    into
        purchases
        (code, date, route_id, total_price, user_id, id) 
    values
        (?, ?, ?, ?, ?, ?)
2026-04-19T19:03:11.723-03:00 DEBUG 11004 --- [           main] org.hibernate.SQL                        : 
    insert 
    into
        route_stops
        (route_id, stop_id) 
    values
        (?, ?)
Hibernate: 
    insert 
    into
        route_stops
        (route_id, stop_id) 
    values
        (?, ?)
2026-04-19T19:03:11.727-03:00 DEBUG 11004 --- [           main] org.hibernate.SQL                        : 
    insert 
    into
        route_stops
        (route_id, stop_id) 
    values
        (?, ?)
Hibernate: 
    insert 
    into
        route_stops
        (route_id, stop_id) 
    values
        (?, ?)
2026-04-19T19:03:11.732-03:00 DEBUG 11004 --- [           main] org.hibernate.SQL                        : 
    insert 
    into
        route_stops
        (route_id, stop_id) 
    values
        (?, ?)
Hibernate: 
    insert 
    into
        route_stops
        (route_id, stop_id) 
    values
        (?, ?)
2026-04-19T19:03:11.745-03:00 DEBUG 11004 --- [           main] org.hibernate.SQL                        : 
    update
        users 
    set
        active=?,
        birthdate=?,
        email=?,
        name=?,
        password=?,
        phone_number=?,
        username=? 
    where
        id=?
Hibernate: 
    update
        users 
    set
        active=?,
        birthdate=?,
        email=?,
        name=?,
        password=?,
        phone_number=?,
        username=? 
    where
        id=?
2026-04-19T19:03:11.751-03:00 DEBUG 11004 --- [           main] org.hibernate.SQL                        : 
    select
        u1_0.id,
        u1_0.user_type,
        u1_0.active,
        u1_0.birthdate,
        u1_0.email,
        u1_0.name,
        u1_0.password,
        u1_0.phone_number,
        u1_0.username,
        u1_0.expedient,
        u1_0.education 
    from
        users u1_0 
    where
        (
            u1_0.active = 1
        ) 
        and u1_0.username=?
Hibernate: 
    select
        u1_0.id,
        u1_0.user_type,
        u1_0.active,
        u1_0.birthdate,
        u1_0.email,
        u1_0.name,
        u1_0.password,
        u1_0.phone_number,
        u1_0.username,
        u1_0.expedient,
        u1_0.education 
    from
        users u1_0 
    where
        (
            u1_0.active = 1
        ) 
        and u1_0.username=?
2026-04-19T19:03:11.762-03:00 DEBUG 11004 --- [           main] org.hibernate.SQL                        : 
    insert 
    into
        users
        (active, birthdate, email, name, password, phone_number, username, education, user_type, id) 
    values
        (?, ?, ?, ?, ?, ?, ?, ?, 'TOUR_GUIDE', ?)
Hibernate: 
    insert 
    into
        users
        (active, birthdate, email, name, password, phone_number, username, education, user_type, id) 
    values
        (?, ?, ?, ?, ?, ?, ?, ?, 'TOUR_GUIDE', ?)
2026-04-19T19:03:11.774-03:00 DEBUG 11004 --- [           main] org.hibernate.SQL                        : 
    select
        u1_0.id,
        u1_0.user_type,
        u1_0.active,
        u1_0.birthdate,
        u1_0.email,
        u1_0.name,
        u1_0.password,
        u1_0.phone_number,
        u1_0.username,
        u1_0.expedient,
        u1_0.education 
    from
        users u1_0 
    where
        (
            u1_0.active = 1
        ) 
        and u1_0.username=?
Hibernate: 
    select
        u1_0.id,
        u1_0.user_type,
        u1_0.active,
        u1_0.birthdate,
        u1_0.email,
        u1_0.name,
        u1_0.password,
        u1_0.phone_number,
        u1_0.username,
        u1_0.expedient,
        u1_0.education 
    from
        users u1_0 
    where
        (
            u1_0.active = 1
        ) 
        and u1_0.username=?
2026-04-19T19:03:11.804-03:00 DEBUG 11004 --- [           main] org.hibernate.SQL                        : 
    insert 
    into
        route_tour_guides
        (route_id, tour_guide_id) 
    values
        (?, ?)
Hibernate: 
    insert 
    into
        route_tour_guides
        (route_id, tour_guide_id) 
    values
        (?, ?)
2026-04-19T19:03:11.807-03:00 DEBUG 11004 --- [           main] org.hibernate.SQL                        : 
    select
        count(r1_0.id) 
    from
        routes r1_0 
    join
        route_tour_guides tgl1_0 
            on r1_0.id=tgl1_0.route_id 
    where
        tgl1_0.tour_guide_id=?
Hibernate: 
    select
        count(r1_0.id) 
    from
        routes r1_0 
    join
        route_tour_guides tgl1_0 
            on r1_0.id=tgl1_0.route_id 
    where
        tgl1_0.tour_guide_id=?
]]></system-out>
  </testcase>
  <testcase name="updateServicePriceTest" classname="unlp.info.bd2.ToursApplicationTests" time="0.071">
    <system-out><![CDATA[2026-04-19T19:03:11.850-03:00 DEBUG 11004 --- [           main] org.hibernate.SQL                        : 
    insert 
    into
        suppliers
        (authorization_number, business_name, id) 
    values
        (?, ?, ?)
Hibernate: 
    insert 
    into
        suppliers
        (authorization_number, business_name, id) 
    values
        (?, ?, ?)
2026-04-19T19:03:11.859-03:00 DEBUG 11004 --- [           main] org.hibernate.SQL                        : 
    insert 
    into
        services
        (description, name, price, supplier_id, id) 
    values
        (?, ?, ?, ?, ?)
Hibernate: 
    insert 
    into
        services
        (description, name, price, supplier_id, id) 
    values
        (?, ?, ?, ?, ?)
2026-04-19T19:03:11.881-03:00 DEBUG 11004 --- [           main] org.hibernate.SQL                        : 
    select
        s1_0.id,
        s1_0.description,
        s1_0.name,
        s1_0.price,
        s1_0.supplier_id 
    from
        services s1_0 
    where
        s1_0.id=?
Hibernate: 
    select
        s1_0.id,
        s1_0.description,
        s1_0.name,
        s1_0.price,
        s1_0.supplier_id 
    from
        services s1_0 
    where
        s1_0.id=?
]]></system-out>
  </testcase>
</testsuite>