<?xml version="1.0" encoding="UTF-8"?>
<testsuite xmlns:xsi="http://www.w3.org/2001/XMLSchema-instance" xsi:noNamespaceSchemaLocation="https://maven.apache.org/surefire/maven-surefire-plugin/xsd/surefire-test-report-3.0.xsd" version="3.0" name="unlp.info.bd2.ToursApplicationTests" time="23.356" tests="11" errors="0" skipped="0" failures="0">
  <properties>
[...]
</properties>
  <testcase name="addReviewToPurchaseTest" classname="unlp.info.bd2.ToursApplicationTests" time="4.112">
    <system-out><![CDATA[19:00:15.884 [main] INFO org.hibernate.Version -- HHH000412: Hibernate ORM core version 6.4.3.Final
19:00:16.149 [main] INFO org.hibernate.cache.internal.RegionFactoryInitiator -- HHH000026: Second-level cache disabled
19:00:18.012 [main] WARN org.hibernate.orm.deprecation -- HHH90000025: MySQLDialect does not need to be specified explicitly using 'hibernate.dialect' (remove the property setting and it will be selected by default)
19:00:21.829 [main] INFO org.hibernate.engine.transaction.jta.platform.internal.JtaPlatformInitiator -- HHH000489: No JTA platform available (set 'hibernate.transaction.jta.platform' to enable JTA platform integration)
Hibernate: 
    alter table item_services 
       drop 
       foreign key FKe7pdfp76d4vvib2n64ofqf98u
Hibernate: 
    alter table item_services 
       drop 
       foreign key FK98rwgufbj3hwt3627chq4r3uv
Hibernate: 
    alter table purchases 
       drop 
       foreign key FKb8a9x319ptkwr9xnu3imfwxkt
Hibernate: 
    alter table purchases 
       drop 
       foreign key FKm0ndjymn9p747pfp4515pio8i
Hibernate: 
    alter table reviews 
       drop 
       foreign key FKtlbpgfgpje3g0do3xdmry3y9j
Hibernate: 
    alter table route_drivers 
       drop 
       foreign key FKlarw210fd3wvynavtmcyofgxf
Hibernate: 
    alter table route_drivers 
       drop 
       foreign key FKbovlxo45trq2qh2668qfjrstj
Hibernate: 
    alter table route_stops 
       drop 
       foreign key FKjmssq6w9xpsvupp2x407s43i2
Hibernate: 
    alter table route_stops 
       drop 
       foreign key FK63y33daxb1qs5nbnkuicbpkej
Hibernate: 
    alter table route_tour_guides 
       drop 
       foreign key FK33dkhjoov8d86i27tni60fkbe
Hibernate: 
    alter table route_tour_guides 
       drop 
       foreign key FKaj9a5b81y31cpc1j5fn3aor4e
Hibernate: 
    alter table services 
       drop 
       foreign key FK16cnuanf4fntklkbbckymn8ky
Hibernate: 
    drop table if exists item_service_sequence
Hibernate: 
    drop table if exists item_services
Hibernate: 
    drop table if exists purchase_sequence
Hibernate: 
    drop table if exists purchases
Hibernate: 
    drop table if exists review_sequence
Hibernate: 
    drop table if exists reviews
Hibernate: 
    drop table if exists route_drivers
Hibernate: 
    drop table if exists route_sequence
Hibernate: 
    drop table if exists route_stops
Hibernate: 
    drop table if exists route_tour_guides
Hibernate: 
    drop table if exists routes
Hibernate: 
    drop table if exists service_sequence
Hibernate: 
    drop table if exists services
Hibernate: 
    drop table if exists stop_sequence
Hibernate: 
    drop table if exists stops
Hibernate: 
    drop table if exists supplier_sequence
Hibernate: 
    drop table if exists suppliers
Hibernate: 
    drop table if exists user_sequence
Hibernate: 
    drop table if exists users
Hibernate: 
    create table item_service_sequence (
        next_val bigint
    ) engine=InnoDB
Hibernate: 
    insert into item_service_sequence values ( 1 )
Hibernate: 
    create table item_services (
        quantity integer not null,
        id bigint not null,
        purchase_id bigint not null,
        service_id bigint not null,
        primary key (id)
    ) engine=InnoDB
Hibernate: 
    create table purchase_sequence (
        next_val bigint
    ) engine=InnoDB
Hibernate: 
    insert into purchase_sequence values ( 1 )
Hibernate: 
    create table purchases (
        totalPrice float(23) not null,
        date datetime(6) not null,
        id bigint not null,
        route_id bigint not null,
        user_id bigint not null,
        code varchar(255) not null,
        primary key (id)
    ) engine=InnoDB
Hibernate: 
    create table review_sequence (
        next_val bigint
    ) engine=InnoDB
Hibernate: 
    insert into review_sequence values ( 1 )
Hibernate: 
    create table reviews (
        rating integer not null,
        id bigint not null,
        purchase_id bigint not null,
        comment varchar(255),
        primary key (id)
    ) engine=InnoDB
Hibernate: 
    create table route_drivers (
        driver_id bigint not null,
        route_id bigint not null
    ) engine=InnoDB
Hibernate: 
    create table route_sequence (
        next_val bigint
    ) engine=InnoDB
Hibernate: 
    insert into route_sequence values ( 1 )
Hibernate: 
    create table route_stops (
        route_id bigint not null,
        stop_id bigint not null
    ) engine=InnoDB
Hibernate: 
    create table route_tour_guides (
        route_id bigint not null,
        tour_guide_id bigint not null
    ) engine=InnoDB
Hibernate: 
    create table routes (
        maxNumberUsers integer not null,
        price float(23) not null,
        totalKm float(23) not null,
        id bigint not null,
        name varchar(255) not null,
        primary key (id)
    ) engine=InnoDB
Hibernate: 
    create table service_sequence (
        next_val bigint
    ) engine=InnoDB
Hibernate: 
    insert into service_sequence values ( 1 )
Hibernate: 
    create table services (
        price float(23) not null,
        id bigint not null,
        supplier_id bigint,
        name varchar(100) not null,
        description varchar(255),
        primary key (id)
    ) engine=InnoDB
Hibernate: 
    create table stop_sequence (
        next_val bigint
    ) engine=InnoDB
Hibernate: 
    insert into stop_sequence values ( 1 )
Hibernate: 
    create table stops (
        id bigint not null,
        description varchar(255),
        name varchar(255) not null,
        primary key (id)
    ) engine=InnoDB
Hibernate: 
    create table supplier_sequence (
        next_val bigint
    ) engine=InnoDB
Hibernate: 
    insert into supplier_sequence values ( 1 )
Hibernate: 
    create table suppliers (
        id bigint not null,
        authorizationNumber varchar(255) not null,
        businessName varchar(255) not null,
        primary key (id)
    ) engine=InnoDB
Hibernate: 
    create table user_sequence (
        next_val bigint
    ) engine=InnoDB
Hibernate: 
    insert into user_sequence values ( 1 )
Hibernate: 
    create table users (
        active bit not null,
        birthdate datetime(6),
        id bigint not null,
        user_type varchar(31) not null,
        education varchar(255),
        email varchar(255),
        expedient varchar(255),
        name varchar(255) not null,
        password varchar(255) not null,
        phoneNumber varchar(255),
        username varchar(255) not null,
        primary key (id)
    ) engine=InnoDB
Hibernate: 
    alter table purchases 
       add constraint UK_idp67y8emgudwcvj94r8chpf4 unique (code)
Hibernate: 
    alter table reviews 
       add constraint UK_jfd0ugmaq72ipi087g9f158hs unique (purchase_id)
Hibernate: 
    alter table suppliers 
       add constraint UK_b699v3k8236wnaxjc86510b8q unique (authorizationNumber)
Hibernate: 
    alter table users 
       add constraint UK_r43af9ap4edm43mmtq01oddj6 unique (username)
Hibernate: 
    alter table item_services 
       add constraint FKe7pdfp76d4vvib2n64ofqf98u 
       foreign key (purchase_id) 
       references purchases (id)
Hibernate: 
    alter table item_services 
       add constraint FK98rwgufbj3hwt3627chq4r3uv 
       foreign key (service_id) 
       references services (id)
Hibernate: 
    alter table purchases 
       add constraint FKb8a9x319ptkwr9xnu3imfwxkt 
       foreign key (route_id) 
       references routes (id)
Hibernate: 
    alter table purchases 
       add constraint FKm0ndjymn9p747pfp4515pio8i 
       foreign key (user_id) 
       references users (id)
Hibernate: 
    alter table reviews 
       add constraint FKtlbpgfgpje3g0do3xdmry3y9j 
       foreign key (purchase_id) 
       references purchases (id)
Hibernate: 
    alter table route_drivers 
       add constraint FKlarw210fd3wvynavtmcyofgxf 
       foreign key (driver_id) 
       references users (id)
Hibernate: 
    alter table route_drivers 
       add constraint FKbovlxo45trq2qh2668qfjrstj 
       foreign key (route_id) 
       references routes (id)
Hibernate: 
    alter table route_stops 
       add constraint FKjmssq6w9xpsvupp2x407s43i2 
       foreign key (stop_id) 
       references stops (id)
Hibernate: 
    alter table route_stops 
       add constraint FK63y33daxb1qs5nbnkuicbpkej 
       foreign key (route_id) 
       references routes (id)
Hibernate: 
    alter table route_tour_guides 
       add constraint FK33dkhjoov8d86i27tni60fkbe 
       foreign key (tour_guide_id) 
       references users (id)
Hibernate: 
    alter table route_tour_guides 
       add constraint FKaj9a5b81y31cpc1j5fn3aor4e 
       foreign key (route_id) 
       references routes (id)
Hibernate: 
    alter table services 
       add constraint FK16cnuanf4fntklkbbckymn8ky 
       foreign key (supplier_id) 
       references suppliers (id)
Hibernate: 
    select
        next_val as id_val 
    from
        user_sequence for update
Hibernate: 
    update
        user_sequence 
    set
        next_val= ? 
    where
        next_val=?
Hibernate: 
    insert 
    into
        users
        (active, birthdate, email, name, password, phoneNumber, username, user_type, id) 
    values
        (?, ?, ?, ?, ?, ?, ?, 'User', ?)
Hibernate: 
    select
        next_val as id_val 
    from
        stop_sequence for update
Hibernate: 
    update
        stop_sequence 
    set
        next_val= ? 
    where
        next_val=?
Hibernate: 
    select
        next_val as id_val 
    from
        stop_sequence for update
Hibernate: 
    update
        stop_sequence 
    set
        next_val= ? 
    where
        next_val=?
Hibernate: 
    select
        next_val as id_val 
    from
        route_sequence for update
Hibernate: 
    update
        route_sequence 
    set
        next_val= ? 
    where
        next_val=?
Hibernate: 
    select
        count(p1_0.id) 
    from
        purchases p1_0 
    where
        p1_0.route_id=?
Hibernate: 
    select
        next_val as id_val 
    from
        purchase_sequence for update
Hibernate: 
    update
        purchase_sequence 
    set
        next_val= ? 
    where
        next_val=?
Hibernate: 
    insert 
    into
        stops
        (description, name, id) 
    values
        (?, ?, ?)
Hibernate: 
    insert 
    into
        stops
        (description, name, id) 
    values
        (?, ?, ?)
Hibernate: 
    insert 
    into
        stops
        (description, name, id) 
    values
        (?, ?, ?)
Hibernate: 
    insert 
    into
        routes
        (maxNumberUsers, name, price, totalKm, id) 
    values
        (?, ?, ?, ?, ?)
Hibernate: 
    insert 
    into
        purchases
        (code, date, route_id, totalPrice, user_id, id) 
    values
        (?, ?, ?, ?, ?, ?)
Hibernate: 
    insert 
    into
        route_stops
        (route_id, stop_id) 
    values
        (?, ?)
Hibernate: 
    insert 
    into
        route_stops
        (route_id, stop_id) 
    values
        (?, ?)
Hibernate: 
    insert 
    into
        route_stops
        (route_id, stop_id) 
    values
        (?, ?)
Hibernate: 
    select
        next_val as id_val 
    from
        review_sequence for update
Hibernate: 
    update
        review_sequence 
    set
        next_val= ? 
    where
        next_val=?
Hibernate: 
    select
        p1_0.id,
        p1_0.code,
        p1_0.date,
        p1_0.route_id,
        p1_0.totalPrice,
        p1_0.user_id 
    from
        purchases p1_0 
    where
        p1_0.code=?
]]></system-out>
    <system-err><![CDATA[Loading class `com.mysql.jdbc.Driver'. This is deprecated. The new driver class is `com.mysql.cj.jdbc.Driver'. The driver is automatically registered via the SPI and manual loading of the driver class is generally unnecessary.
WARNING: A Java agent has been loaded dynamically (C:\Users\Usuario\.m2\repository\net\bytebuddy\byte-buddy-agent\1.14.12\byte-buddy-agent-1.14.12.jar)
WARNING: If a serviceability tool is in use, please run with -XX:+EnableDynamicAgentLoading to hide this warning
WARNING: If a serviceability tool is not in use, please run with -Djdk.instrument.traceUsage for more information
WARNING: Dynamic loading of agents will be disallowed by default in a future release
]]></system-err>
  </testcase>
  <testcase name="createAndGetUserTest" classname="unlp.info.bd2.ToursApplicationTests" time="0.282">
    <system-out><![CDATA[Hibernate: 
    select
        next_val as id_val 
    from
        user_sequence for update
Hibernate: 
    update
        user_sequence 
    set
        next_val= ? 
    where
        next_val=?
Hibernate: 
    insert 
    into
        users
        (active, birthdate, email, name, password, phoneNumber, username, user_type, id) 
    values
        (?, ?, ?, ?, ?, ?, ?, 'User', ?)
Hibernate: 
    insert 
    into
        users
        (active, birthdate, email, name, password, phoneNumber, username, expedient, user_type, id) 
    values
        (?, ?, ?, ?, ?, ?, ?, ?, 'DRIVER', ?)
Hibernate: 
    insert 
    into
        users
        (active, birthdate, email, name, password, phoneNumber, username, education, user_type, id) 
    values
        (?, ?, ?, ?, ?, ?, ?, ?, 'TOUR_GUIDE', ?)
Hibernate: 
    select
        u1_0.id,
        u1_0.user_type,
        u1_0.active,
        u1_0.birthdate,
        u1_0.email,
        u1_0.name,
        u1_0.password,
        u1_0.phoneNumber,
        u1_0.username,
        u1_0.expedient,
        u1_0.education 
    from
        users u1_0 
    where
        u1_0.username=?
Hibernate: 
    insert 
    into
        users
        (active, birthdate, email, name, password, phoneNumber, username, user_type, id) 
    values
        (?, ?, ?, ?, ?, ?, ?, 'User', ?)
19:00:32.607 [main] WARN org.hibernate.engine.jdbc.spi.SqlExceptionHelper -- SQL Error: 1062, SQLState: 23000
19:00:32.607 [main] ERROR org.hibernate.engine.jdbc.spi.SqlExceptionHelper -- Duplicate entry 'userD' for key 'users.UK_r43af9ap4edm43mmtq01oddj6'
]]></system-out>
  </testcase>
  <testcase name="assignWorkersToRoutesTest" classname="unlp.info.bd2.ToursApplicationTests" time="0.136">
    <system-out><![CDATA[Hibernate: 
    select
        next_val as id_val 
    from
        route_sequence for update
Hibernate: 
    update
        route_sequence 
    set
        next_val= ? 
    where
        next_val=?
Hibernate: 
    insert 
    into
        stops
        (description, name, id) 
    values
        (?, ?, ?)
Hibernate: 
    insert 
    into
        stops
        (description, name, id) 
    values
        (?, ?, ?)
Hibernate: 
    insert 
    into
        stops
        (description, name, id) 
    values
        (?, ?, ?)
Hibernate: 
    insert 
    into
        routes
        (maxNumberUsers, name, price, totalKm, id) 
    values
        (?, ?, ?, ?, ?)
Hibernate: 
    insert 
    into
        users
        (active, birthdate, email, name, password, phoneNumber, username, expedient, user_type, id) 
    values
        (?, ?, ?, ?, ?, ?, ?, ?, 'DRIVER', ?)
Hibernate: 
    insert 
    into
        route_stops
        (route_id, stop_id) 
    values
        (?, ?)
Hibernate: 
    insert 
    into
        route_stops
        (route_id, stop_id) 
    values
        (?, ?)
Hibernate: 
    insert 
    into
        route_stops
        (route_id, stop_id) 
    values
        (?, ?)
Hibernate: 
    insert 
    into
        users
        (active, birthdate, email, name, password, phoneNumber, username, expedient, user_type, id) 
    values
        (?, ?, ?, ?, ?, ?, ?, ?, 'DRIVER', ?)
Hibernate: 
    insert 
    into
        users
        (active, birthdate, email, name, password, phoneNumber, username, education, user_type, id) 
    values
        (?, ?, ?, ?, ?, ?, ?, ?, 'TOUR_GUIDE', ?)
Hibernate: 
    select
        u1_0.id,
        u1_0.user_type,
        u1_0.active,
        u1_0.birthdate,
        u1_0.email,
        u1_0.name,
        u1_0.password,
        u1_0.phoneNumber,
        u1_0.username,
        u1_0.expedient,
        u1_0.education 
    from
        users u1_0 
    where
        u1_0.username=?
Hibernate: 
    select
        u1_0.id,
        u1_0.user_type,
        u1_0.active,
        u1_0.birthdate,
        u1_0.email,
        u1_0.name,
        u1_0.password,
        u1_0.phoneNumber,
        u1_0.username,
        u1_0.expedient,
        u1_0.education 
    from
        users u1_0 
    where
        u1_0.username=?
Hibernate: 
    select
        u1_0.id,
        u1_0.user_type,
        u1_0.active,
        u1_0.birthdate,
        u1_0.email,
        u1_0.name,
        u1_0.password,
        u1_0.phoneNumber,
        u1_0.username,
        u1_0.expedient,
        u1_0.education 
    from
        users u1_0 
    where
        u1_0.username=?
Hibernate: 
    select
        u1_0.id,
        u1_0.user_type,
        u1_0.active,
        u1_0.birthdate,
        u1_0.email,
        u1_0.name,
        u1_0.password,
        u1_0.phoneNumber,
        u1_0.username,
        u1_0.expedient,
        u1_0.education 
    from
        users u1_0 
    where
        u1_0.username=?
Hibernate: 
    select
        u1_0.id,
        u1_0.user_type,
        u1_0.active,
        u1_0.birthdate,
        u1_0.email,
        u1_0.name,
        u1_0.password,
        u1_0.phoneNumber,
        u1_0.username,
        u1_0.expedient,
        u1_0.education 
    from
        users u1_0 
    where
        u1_0.username=?
Hibernate: 
    select
        r1_0.id,
        r1_0.maxNumberUsers,
        r1_0.name,
        r1_0.price,
        r1_0.totalKm 
    from
        routes r1_0 
    where
        r1_0.id=?
]]></system-out>
  </testcase>
  <testcase name="createAndGetPurchaseTest" classname="unlp.info.bd2.ToursApplicationTests" time="0.318">
    <system-out><![CDATA[Hibernate: 
    insert 
    into
        users
        (active, birthdate, email, name, password, phoneNumber, username, user_type, id) 
    values
        (?, ?, ?, ?, ?, ?, ?, 'User', ?)
Hibernate: 
    select
        next_val as id_val 
    from
        supplier_sequence for update
Hibernate: 
    update
        supplier_sequence 
    set
        next_val= ? 
    where
        next_val=?
Hibernate: 
    insert 
    into
        stops
        (description, name, id) 
    values
        (?, ?, ?)
Hibernate: 
    insert 
    into
        stops
        (description, name, id) 
    values
        (?, ?, ?)
Hibernate: 
    insert 
    into
        stops
        (description, name, id) 
    values
        (?, ?, ?)
Hibernate: 
    insert 
    into
        routes
        (maxNumberUsers, name, price, totalKm, id) 
    values
        (?, ?, ?, ?, ?)
Hibernate: 
    insert 
    into
        suppliers
        (authorizationNumber, businessName, id) 
    values
        (?, ?, ?)
Hibernate: 
    insert 
    into
        route_stops
        (route_id, stop_id) 
    values
        (?, ?)
Hibernate: 
    insert 
    into
        route_stops
        (route_id, stop_id) 
    values
        (?, ?)
Hibernate: 
    insert 
    into
        route_stops
        (route_id, stop_id) 
    values
        (?, ?)
Hibernate: 
    select
        next_val as id_val 
    from
        supplier_sequence for update
Hibernate: 
    update
        supplier_sequence 
    set
        next_val= ? 
    where
        next_val=?
Hibernate: 
    insert 
    into
        suppliers
        (authorizationNumber, businessName, id) 
    values
        (?, ?, ?)
Hibernate: 
    select
        next_val as id_val 
    from
        service_sequence for update
Hibernate: 
    update
        service_sequence 
    set
        next_val= ? 
    where
        next_val=?
Hibernate: 
    insert 
    into
        services
        (description, name, price, supplier_id, id) 
    values
        (?, ?, ?, ?, ?)
Hibernate: 
    select
        next_val as id_val 
    from
        service_sequence for update
Hibernate: 
    update
        service_sequence 
    set
        next_val= ? 
    where
        next_val=?
Hibernate: 
    insert 
    into
        services
        (description, name, price, supplier_id, id) 
    values
        (?, ?, ?, ?, ?)
Hibernate: 
    select
        count(p1_0.id) 
    from
        purchases p1_0 
    where
        p1_0.route_id=?
Hibernate: 
    select
        next_val as id_val 
    from
        purchase_sequence for update
Hibernate: 
    update
        purchase_sequence 
    set
        next_val= ? 
    where
        next_val=?
Hibernate: 
    insert 
    into
        purchases
        (code, date, route_id, totalPrice, user_id, id) 
    values
        (?, ?, ?, ?, ?, ?)
Hibernate: 
    select
        next_val as id_val 
    from
        item_service_sequence for update
Hibernate: 
    update
        item_service_sequence 
    set
        next_val= ? 
    where
        next_val=?
Hibernate: 
    select
        next_val as id_val 
    from
        item_service_sequence for update
Hibernate: 
    update
        item_service_sequence 
    set
        next_val= ? 
    where
        next_val=?
Hibernate: 
    insert 
    into
        item_services
        (purchase_id, quantity, service_id, id) 
    values
        (?, ?, ?, ?)
Hibernate: 
    insert 
    into
        item_services
        (purchase_id, quantity, service_id, id) 
    values
        (?, ?, ?, ?)
Hibernate: 
    update
        purchases 
    set
        code=?,
        date=?,
        route_id=?,
        totalPrice=?,
        user_id=? 
    where
        id=?
Hibernate: 
    select
        p1_0.id,
        p1_0.code,
        p1_0.date,
        p1_0.route_id,
        p1_0.totalPrice,
        p1_0.user_id 
    from
        purchases p1_0 
    where
        p1_0.code=?
Hibernate: 
    select
        count(p1_0.id) 
    from
        purchases p1_0 
    where
        p1_0.route_id=?
Hibernate: 
    insert 
    into
        purchases
        (code, date, route_id, totalPrice, user_id, id) 
    values
        (?, ?, ?, ?, ?, ?)
Hibernate: 
    select
        count(p1_0.id) 
    from
        purchases p1_0 
    where
        p1_0.route_id=?
Hibernate: 
    select
        count(p1_0.id) 
    from
        purchases p1_0 
    where
        p1_0.route_id=?
]]></system-out>
  </testcase>
  <testcase name="removePurchaseAndItems" classname="unlp.info.bd2.ToursApplicationTests" time="0.231">
    <system-out><![CDATA[Hibernate: 
    insert 
    into
        users
        (active, birthdate, email, name, password, phoneNumber, username, user_type, id) 
    values
        (?, ?, ?, ?, ?, ?, ?, 'User', ?)
Hibernate: 
    insert 
    into
        stops
        (description, name, id) 
    values
        (?, ?, ?)
Hibernate: 
    insert 
    into
        stops
        (description, name, id) 
    values
        (?, ?, ?)
Hibernate: 
    insert 
    into
        stops
        (description, name, id) 
    values
        (?, ?, ?)
Hibernate: 
    insert 
    into
        routes
        (maxNumberUsers, name, price, totalKm, id) 
    values
        (?, ?, ?, ?, ?)
Hibernate: 
    insert 
    into
        suppliers
        (authorizationNumber, businessName, id) 
    values
        (?, ?, ?)
Hibernate: 
    insert 
    into
        route_stops
        (route_id, stop_id) 
    values
        (?, ?)
Hibernate: 
    insert 
    into
        route_stops
        (route_id, stop_id) 
    values
        (?, ?)
Hibernate: 
    insert 
    into
        route_stops
        (route_id, stop_id) 
    values
        (?, ?)
Hibernate: 
    insert 
    into
        services
        (description, name, price, supplier_id, id) 
    values
        (?, ?, ?, ?, ?)
Hibernate: 
    insert 
    into
        services
        (description, name, price, supplier_id, id) 
    values
        (?, ?, ?, ?, ?)
Hibernate: 
    select
        count(p1_0.id) 
    from
        purchases p1_0 
    where
        p1_0.route_id=?
Hibernate: 
    insert 
    into
        purchases
        (code, date, route_id, totalPrice, user_id, id) 
    values
        (?, ?, ?, ?, ?, ?)
Hibernate: 
    insert 
    into
        item_services
        (purchase_id, quantity, service_id, id) 
    values
        (?, ?, ?, ?)
Hibernate: 
    insert 
    into
        item_services
        (purchase_id, quantity, service_id, id) 
    values
        (?, ?, ?, ?)
Hibernate: 
    delete 
    from
        item_services 
    where
        id=?
Hibernate: 
    delete 
    from
        item_services 
    where
        id=?
Hibernate: 
    delete 
    from
        purchases 
    where
        id=?
Hibernate: 
    select
        p1_0.id,
        p1_0.code,
        p1_0.date,
        p1_0.route_id,
        p1_0.totalPrice,
        p1_0.user_id 
    from
        purchases p1_0 
    where
        p1_0.code=?
]]></system-out>
  </testcase>
  <testcase name="createAndGetRoutesAndStopsTest" classname="unlp.info.bd2.ToursApplicationTests" time="0.198">
    <system-out><![CDATA[Hibernate: 
    insert 
    into
        stops
        (description, name, id) 
    values
        (?, ?, ?)
Hibernate: 
    insert 
    into
        stops
        (description, name, id) 
    values
        (?, ?, ?)
Hibernate: 
    insert 
    into
        stops
        (description, name, id) 
    values
        (?, ?, ?)
Hibernate: 
    select
        s1_0.id,
        s1_0.description,
        s1_0.name 
    from
        stops s1_0 
    where
        s1_0.name like ? escape ''
Hibernate: 
    select
        s1_0.id,
        s1_0.description,
        s1_0.name 
    from
        stops s1_0 
    where
        s1_0.name like ? escape ''
Hibernate: 
    select
        s1_0.id,
        s1_0.description,
        s1_0.name 
    from
        stops s1_0 
    where
        s1_0.name like ? escape ''
Hibernate: 
    insert 
    into
        routes
        (maxNumberUsers, name, price, totalKm, id) 
    values
        (?, ?, ?, ?, ?)
Hibernate: 
    insert 
    into
        routes
        (maxNumberUsers, name, price, totalKm, id) 
    values
        (?, ?, ?, ?, ?)
Hibernate: 
    insert 
    into
        route_stops
        (route_id, stop_id) 
    values
        (?, ?)
Hibernate: 
    insert 
    into
        route_stops
        (route_id, stop_id) 
    values
        (?, ?)
Hibernate: 
    insert 
    into
        route_stops
        (route_id, stop_id) 
    values
        (?, ?)
Hibernate: 
    insert 
    into
        route_stops
        (route_id, stop_id) 
    values
        (?, ?)
Hibernate: 
    insert 
    into
        route_stops
        (route_id, stop_id) 
    values
        (?, ?)
Hibernate: 
    select
        r1_0.id,
        r1_0.maxNumberUsers,
        r1_0.name,
        r1_0.price,
        r1_0.totalKm 
    from
        routes r1_0 
    where
        r1_0.price<?
Hibernate: 
    select
        r1_0.id,
        r1_0.maxNumberUsers,
        r1_0.name,
        r1_0.price,
        r1_0.totalKm 
    from
        routes r1_0 
    where
        r1_0.price<?
]]></system-out>
  </testcase>
  <testcase name="createAndGetSupplierAndService" classname="unlp.info.bd2.ToursApplicationTests" time="0.394">
    <system-out><![CDATA[Hibernate: 
    insert 
    into
        suppliers
        (authorizationNumber, businessName, id) 
    values
        (?, ?, ?)
Hibernate: 
    insert 
    into
        services
        (description, name, price, supplier_id, id) 
    values
        (?, ?, ?, ?, ?)
Hibernate: 
    select
        s1_0.id,
        s1_0.authorizationNumber,
        s1_0.businessName 
    from
        suppliers s1_0 
    where
        s1_0.authorizationNumber=?
Hibernate: 
    select
        s1_0.id,
        s1_0.authorizationNumber,
        s1_0.businessName 
    from
        suppliers s1_0 
    where
        s1_0.authorizationNumber=?
Hibernate: 
    select
        s1_0.id,
        s1_0.description,
        s1_0.name,
        s1_0.price,
        s1_0.supplier_id 
    from
        services s1_0 
    where
        s1_0.name=? 
        and s1_0.supplier_id=?
Hibernate: 
    select
        s1_0.id,
        s1_0.description,
        s1_0.name,
        s1_0.price,
        s1_0.supplier_id 
    from
        services s1_0 
    where
        s1_0.name=? 
        and s1_0.supplier_id=?
Hibernate: 
    insert 
    into
        suppliers
        (authorizationNumber, businessName, id) 
    values
        (?, ?, ?)
19:00:33.824 [main] WARN org.hibernate.engine.jdbc.spi.SqlExceptionHelper -- SQL Error: 1062, SQLState: 23000
19:00:33.824 [main] ERROR org.hibernate.engine.jdbc.spi.SqlExceptionHelper -- Duplicate entry '000111' for key 'suppliers.UK_b699v3k8236wnaxjc86510b8q'
]]></system-out>
  </testcase>
  <testcase name="updateUserTest" classname="unlp.info.bd2.ToursApplicationTests" time="0.111">
    <system-out><![CDATA[Hibernate: 
    insert 
    into
        users
        (active, birthdate, email, name, password, phoneNumber, username, user_type, id) 
    values
        (?, ?, ?, ?, ?, ?, ?, 'User', ?)
Hibernate: 
    insert 
    into
        users
        (active, birthdate, email, name, password, phoneNumber, username, expedient, user_type, id) 
    values
        (?, ?, ?, ?, ?, ?, ?, ?, 'DRIVER', ?)
Hibernate: 
    update
        users 
    set
        active=?,
        birthdate=?,
        email=?,
        name=?,
        password=?,
        phoneNumber=? 
    where
        id=?
Hibernate: 
    update
        users 
    set
        active=?,
        birthdate=?,
        email=?,
        name=?,
        password=?,
        phoneNumber=?,
        expedient=? 
    where
        id=?
Hibernate: 
    select
        u1_0.id,
        u1_0.user_type,
        u1_0.active,
        u1_0.birthdate,
        u1_0.email,
        u1_0.name,
        u1_0.password,
        u1_0.phoneNumber,
        u1_0.username,
        u1_0.expedient,
        u1_0.education 
    from
        users u1_0 
    where
        u1_0.username=?
Hibernate: 
    select
        u1_0.id,
        u1_0.user_type,
        u1_0.active,
        u1_0.birthdate,
        u1_0.email,
        u1_0.name,
        u1_0.password,
        u1_0.phoneNumber,
        u1_0.username,
        u1_0.expedient,
        u1_0.education 
    from
        users u1_0 
    where
        u1_0.username=?
]]></system-out>
  </testcase>
  <testcase name="deleteRouteTest" classname="unlp.info.bd2.ToursApplicationTests" time="0.196">
    <system-out><![CDATA[Hibernate: 
    insert 
    into
        stops
        (description, name, id) 
    values
        (?, ?, ?)
Hibernate: 
    insert 
    into
        stops
        (description, name, id) 
    values
        (?, ?, ?)
Hibernate: 
    insert 
    into
        routes
        (maxNumberUsers, name, price, totalKm, id) 
    values
        (?, ?, ?, ?, ?)
Hibernate: 
    insert 
    into
        routes
        (maxNumberUsers, name, price, totalKm, id) 
    values
        (?, ?, ?, ?, ?)
Hibernate: 
    insert 
    into
        users
        (active, birthdate, email, name, password, phoneNumber, username, user_type, id) 
    values
        (?, ?, ?, ?, ?, ?, ?, 'User', ?)
Hibernate: 
    insert 
    into
        route_stops
        (route_id, stop_id) 
    values
        (?, ?)
Hibernate: 
    insert 
    into
        route_stops
        (route_id, stop_id) 
    values
        (?, ?)
Hibernate: 
    insert 
    into
        route_stops
        (route_id, stop_id) 
    values
        (?, ?)
Hibernate: 
    insert 
    into
        route_stops
        (route_id, stop_id) 
    values
        (?, ?)
Hibernate: 
    select
        count(p1_0.id) 
    from
        purchases p1_0 
    where
        p1_0.route_id=?
Hibernate: 
    insert 
    into
        purchases
        (code, date, route_id, totalPrice, user_id, id) 
    values
        (?, ?, ?, ?, ?, ?)
Hibernate: 
    select
        count(p1_0.id) 
    from
        purchases p1_0 
    where
        p1_0.route_id=?
Hibernate: 
    select
        count(p1_0.id) 
    from
        purchases p1_0 
    where
        p1_0.route_id=?
]]></system-out>
  </testcase>
  <testcase name="deleteUserTest" classname="unlp.info.bd2.ToursApplicationTests" time="0.736">
    <system-out><![CDATA[Hibernate: 
    insert 
    into
        users
        (active, birthdate, email, name, password, phoneNumber, username, user_type, id) 
    values
        (?, ?, ?, ?, ?, ?, ?, 'User', ?)
Hibernate: 
    delete 
    from
        users 
    where
        id=?
Hibernate: 
    select
        u1_0.id,
        u1_0.user_type,
        u1_0.active,
        u1_0.birthdate,
        u1_0.email,
        u1_0.name,
        u1_0.password,
        u1_0.phoneNumber,
        u1_0.username,
        u1_0.expedient,
        u1_0.education 
    from
        users u1_0 
    where
        u1_0.username=?
Hibernate: 
    insert 
    into
        users
        (active, birthdate, email, name, password, phoneNumber, username, user_type, id) 
    values
        (?, ?, ?, ?, ?, ?, ?, 'User', ?)
Hibernate: 
    select
        count(p1_0.id) 
    from
        purchases p1_0 
    where
        p1_0.route_id=?
Hibernate: 
    insert 
    into
        stops
        (description, name, id) 
    values
        (?, ?, ?)
Hibernate: 
    insert 
    into
        stops
        (description, name, id) 
    values
        (?, ?, ?)
Hibernate: 
    insert 
    into
        stops
        (description, name, id) 
    values
        (?, ?, ?)
Hibernate: 
    insert 
    into
        routes
        (maxNumberUsers, name, price, totalKm, id) 
    values
        (?, ?, ?, ?, ?)
Hibernate: 
    insert 
    into
        purchases
        (code, date, route_id, totalPrice, user_id, id) 
    values
        (?, ?, ?, ?, ?, ?)
Hibernate: 
    insert 
    into
        route_stops
        (route_id, stop_id) 
    values
        (?, ?)
Hibernate: 
    insert 
    into
        route_stops
        (route_id, stop_id) 
    values
        (?, ?)
Hibernate: 
    insert 
    into
        route_stops
        (route_id, stop_id) 
    values
        (?, ?)
Hibernate: 
    update
        users 
    set
        active=?,
        birthdate=?,
        email=?,
        name=?,
        password=?,
        phoneNumber=? 
    where
        id=?
Hibernate: 
    select
        u1_0.id,
        u1_0.user_type,
        u1_0.active,
        u1_0.birthdate,
        u1_0.email,
        u1_0.name,
        u1_0.password,
        u1_0.phoneNumber,
        u1_0.username,
        u1_0.expedient,
        u1_0.education 
    from
        users u1_0 
    where
        u1_0.username=?
Hibernate: 
    insert 
    into
        users
        (active, birthdate, email, name, password, phoneNumber, username, education, user_type, id) 
    values
        (?, ?, ?, ?, ?, ?, ?, ?, 'TOUR_GUIDE', ?)
Hibernate: 
    select
        u1_0.id,
        u1_0.user_type,
        u1_0.active,
        u1_0.birthdate,
        u1_0.email,
        u1_0.name,
        u1_0.password,
        u1_0.phoneNumber,
        u1_0.username,
        u1_0.expedient,
        u1_0.education 
    from
        users u1_0 
    where
        u1_0.username=?
Hibernate: 
    insert 
    into
        route_tour_guides
        (route_id, tour_guide_id) 
    values
        (?, ?)
Hibernate: 
    select
        count(r1_0.id) 
    from
        routes r1_0 
    join
        route_tour_guides tgl1_0 
            on r1_0.id=tgl1_0.route_id 
    where
        tgl1_0.tour_guide_id=?
]]></system-out>
  </testcase>
  <testcase name="updateServicePriceTest" classname="unlp.info.bd2.ToursApplicationTests" time="0.07">
    <system-out><![CDATA[Hibernate: 
    insert 
    into
        suppliers
        (authorizationNumber, businessName, id) 
    values
        (?, ?, ?)
Hibernate: 
    insert 
    into
        services
        (description, name, price, supplier_id, id) 
    values
        (?, ?, ?, ?, ?)
Hibernate: 
    select
        s1_0.id,
        s1_0.description,
        s1_0.name,
        s1_0.price,
        s1_0.supplier_id 
    from
        services s1_0 
    where
        s1_0.id=?
]]></system-out>
  </testcase>
</testsuite>